################################################################################


     ubdbAssign, version v0.006
 compiled at Jul 11 2023, 10:48:25.


################################################################################

structure file: C:\Users\grand\Desktop\UW\discamb-gemmi\TesteExe\UbdbAssignReq\src_withH\138D.mmcif
uses default bank file name: ubdb.bnk
uses type assignemnt settings from the databank
   parameters values:
      ring considered not planar if it contains atoms with more than 3 neighbours
      ring considered not planar if it contains atoms with planarity above 0.100000
      ring considered not planar if the planarity is above 0.100000
      atom considered planar if the planarity is below 0.100000
      atoms are bonded if the interatomic distance is below sum of their covalent bonds plus 0.230000

################################################################################

       (1) Structural Descriptors and (2) Atom Type Assignemnt Information

################################################################################

(1) Structural Descriptors

################################################################################


 number of planar rings: 13

  ring 1
    planarity esd 0.00793822
    atoms:  N9_9 C8_10 N7_11 C5_12 C4_19

  ring 2
    planarity esd 0.00576018
    atoms:  C5_12 C6_13 N1_15 C2_16 N3_18 C4_19

  ring 3
    planarity esd 0.0541868
    atoms:  N1_42 C2_43 N3_45 C4_46 C5_48 C6_49

  ring 4
    planarity esd 0.0339086
    atoms:  C5_75 C6_76 N1_78 C2_79 N3_81 C4_82

  ring 5
    planarity esd 0.0306152
    atoms:  N9_105 C8_106 N7_107 C5_108 C4_115

  ring 6
    planarity esd 0.0139426
    atoms:  C5_108 C6_109 N1_111 C2_112 N3_114 C4_115

  ring 7
    planarity esd 0.0316598
    atoms:  N9_138 C8_139 N7_140 C5_141 C4_148

  ring 8
    planarity esd 0.0157163
    atoms:  C5_141 C6_142 N1_144 C2_145 N3_147 C4_148

  ring 9
    planarity esd 0.0710255
    atoms:  N1_171 C2_172 N3_174 C4_175 C5_177 C6_178

  ring 10
    planarity esd 0.0315619
    atoms:  N1_201 C2_202 N3_204 C4_205 C5_207 C6_208

  ring 11
    planarity esd 0.0308946
    atoms:  N1_231 C2_232 N3_234 C4_235 C5_237 C6_238

  ring 12
    planarity esd 0.0335076
    atoms:  C5_264 C6_265 N1_267 C2_268 N3_270 C4_271

  ring 13
    planarity esd 0.0348098
    atoms:  N1_294 C2_295 N3_297 C4_298 C5_300 C6_301

 Atomic Descriptors

 number of atoms 313
   O5'_1 atomic number    8 , neighbours formula            C , is planar   ANY_PLANARITY , planarity esd   0.000000 , belongs to planar rings:           no , in 3 member rings no , in 4 member rings no , neighbours C5'_2
   C5'_2 atomic number    6 , neighbours formula         CH2O , is planar      NOT_PLANAR , planarity esd   0.799864 , belongs to planar rings:           no , in 3 member rings no , in 4 member rings no , neighbours O5'_1,C4'_3,H5'_20,H5''_21
   C4'_3 atomic number    6 , neighbours formula         C2HO , is planar      NOT_PLANAR , planarity esd   0.927647 , belongs to planar rings:           no , in 3 member rings no , in 4 member rings no , neighbours C5'_2,O4'_4,C3'_5,H4'_22
   O4'_4 atomic number    8 , neighbours formula           C2 , is planar   ANY_PLANARITY , planarity esd   0.000000 , belongs to planar rings:           no , in 3 member rings no , in 4 member rings no , neighbours C4'_3,C1'_8
   C3'_5 atomic number    6 , neighbours formula         C2HO , is planar      NOT_PLANAR , planarity esd   0.929068 , belongs to planar rings:           no , in 3 member rings no , in 4 member rings no , neighbours C4'_3,O3'_6,C2'_7,H3'_23
   O3'_6 atomic number    8 , neighbours formula           CP , is planar   ANY_PLANARITY , planarity esd   0.000000 , belongs to planar rings:           no , in 3 member rings no , in 4 member rings no , neighbours C3'_5,P_31
   C2'_7 atomic number    6 , neighbours formula         C2H2 , is planar      NOT_PLANAR , planarity esd   0.793451 , belongs to planar rings:           no , in 3 member rings no , in 4 member rings no , neighbours C3'_5,C1'_8,H2'_24,H2''_25
   C1'_8 atomic number    6 , neighbours formula         CHNO , is planar      NOT_PLANAR , planarity esd   0.931095 , belongs to planar rings:           no , in 3 member rings no , in 4 member rings no , neighbours O4'_4,C2'_7,N9_9,H1'_26
    N9_9 atomic number    7 , neighbours formula           C3 , is planar          PLANAR , planarity esd   0.041241 , belongs to planar rings:            1 , in 3 member rings no , in 4 member rings no , neighbours C1'_8,C8_10,C4_19
   C8_10 atomic number    6 , neighbours formula          HN2 , is planar          PLANAR , planarity esd   0.000000 , belongs to planar rings:            1 , in 3 member rings no , in 4 member rings no , neighbours N9_9,N7_11,H8_27
   N7_11 atomic number    7 , neighbours formula           C2 , is planar   ANY_PLANARITY , planarity esd   0.000000 , belongs to planar rings:            1 , in 3 member rings no , in 4 member rings no , neighbours C8_10,C5_12
   C5_12 atomic number    6 , neighbours formula          C2N , is planar          PLANAR , planarity esd   0.001955 , belongs to planar rings:          1,2 , in 3 member rings no , in 4 member rings no , neighbours N7_11,C6_13,C4_19
   C6_13 atomic number    6 , neighbours formula          CNO , is planar          PLANAR , planarity esd   0.005107 , belongs to planar rings:            2 , in 3 member rings no , in 4 member rings no , neighbours C5_12,O6_14,N1_15
   O6_14 atomic number    8 , neighbours formula            C , is planar   ANY_PLANARITY , planarity esd   0.000000 , belongs to planar rings:           no , in 3 member rings no , in 4 member rings no , neighbours C6_13
   N1_15 atomic number    7 , neighbours formula          C2H , is planar          PLANAR , planarity esd   0.000000 , belongs to planar rings:            2 , in 3 member rings no , in 4 member rings no , neighbours C6_13,C2_16,H1_28
   C2_16 atomic number    6 , neighbours formula           N3 , is planar          PLANAR , planarity esd   0.006489 , belongs to planar rings:            2 , in 3 member rings no , in 4 member rings no , neighbours N1_15,N2_17,N3_18
   N2_17 atomic number    7 , neighbours formula          CH2 , is planar          PLANAR , planarity esd   0.000000 , belongs to planar rings:           no , in 3 member rings no , in 4 member rings no , neighbours C2_16,H21_29,H22_30
   N3_18 atomic number    7 , neighbours formula           C2 , is planar   ANY_PLANARITY , planarity esd   0.000000 , belongs to planar rings:            2 , in 3 member rings no , in 4 member rings no , neighbours C2_16,C4_19
   C4_19 atomic number    6 , neighbours formula          CN2 , is planar          PLANAR , planarity esd   0.015002 , belongs to planar rings:          1,2 , in 3 member rings no , in 4 member rings no , neighbours N9_9,C5_12,N3_18
  H5'_20 atomic number    1 , neighbours formula            C , is planar   ANY_PLANARITY , planarity esd   0.000000 , belongs to planar rings:           no , in 3 member rings no , in 4 member rings no , neighbours C5'_2
 H5''_21 atomic number    1 , neighbours formula            C , is planar   ANY_PLANARITY , planarity esd   0.000000 , belongs to planar rings:           no , in 3 member rings no , in 4 member rings no , neighbours C5'_2
  H4'_22 atomic number    1 , neighbours formula            C , is planar   ANY_PLANARITY , planarity esd   0.000000 , belongs to planar rings:           no , in 3 member rings no , in 4 member rings no , neighbours C4'_3
  H3'_23 atomic number    1 , neighbours formula            C , is planar   ANY_PLANARITY , planarity esd   0.000000 , belongs to planar rings:           no , in 3 member rings no , in 4 member rings no , neighbours C3'_5
  H2'_24 atomic number    1 , neighbours formula            C , is planar   ANY_PLANARITY , planarity esd   0.000000 , belongs to planar rings:           no , in 3 member rings no , in 4 member rings no , neighbours C2'_7
 H2''_25 atomic number    1 , neighbours formula            C , is planar   ANY_PLANARITY , planarity esd   0.000000 , belongs to planar rings:           no , in 3 member rings no , in 4 member rings no , neighbours C2'_7
  H1'_26 atomic number    1 , neighbours formula            C , is planar   ANY_PLANARITY , planarity esd   0.000000 , belongs to planar rings:           no , in 3 member rings no , in 4 member rings no , neighbours C1'_8
   H8_27 atomic number    1 , neighbours formula            C , is planar   ANY_PLANARITY , planarity esd   0.000000 , belongs to planar rings:           no , in 3 member rings no , in 4 member rings no , neighbours C8_10
   H1_28 atomic number    1 , neighbours formula            N , is planar   ANY_PLANARITY , planarity esd   0.000000 , belongs to planar rings:           no , in 3 member rings no , in 4 member rings no , neighbours N1_15
  H21_29 atomic number    1 , neighbours formula            N , is planar   ANY_PLANARITY , planarity esd   0.000000 , belongs to planar rings:           no , in 3 member rings no , in 4 member rings no , neighbours N2_17
  H22_30 atomic number    1 , neighbours formula            N , is planar   ANY_PLANARITY , planarity esd   0.000000 , belongs to planar rings:           no , in 3 member rings no , in 4 member rings no , neighbours N2_17
    P_31 atomic number   15 , neighbours formula           O4 , is planar      NOT_PLANAR , planarity esd   1.058148 , belongs to planar rings:           no , in 3 member rings no , in 4 member rings no , neighbours O3'_6,OP1_32,OP2_33,O5'_34
  OP1_32 atomic number    8 , neighbours formula            P , is planar   ANY_PLANARITY , planarity esd   0.000000 , belongs to planar rings:           no , in 3 member rings no , in 4 member rings no , neighbours P_31
  OP2_33 atomic number    8 , neighbours formula            P , is planar   ANY_PLANARITY , planarity esd   0.000000 , belongs to planar rings:           no , in 3 member rings no , in 4 member rings no , neighbours P_31
  O5'_34 atomic number    8 , neighbours formula           CP , is planar   ANY_PLANARITY , planarity esd   0.000000 , belongs to planar rings:           no , in 3 member rings no , in 4 member rings no , neighbours P_31,C5'_35
  C5'_35 atomic number    6 , neighbours formula         CH2O , is planar      NOT_PLANAR , planarity esd   0.798000 , belongs to planar rings:           no , in 3 member rings no , in 4 member rings no , neighbours O5'_34,C4'_36,H5'_50,H5''_51
  C4'_36 atomic number    6 , neighbours formula         C2HO , is planar      NOT_PLANAR , planarity esd   0.928381 , belongs to planar rings:           no , in 3 member rings no , in 4 member rings no , neighbours C5'_35,O4'_37,C3'_38,H4'_52
  O4'_37 atomic number    8 , neighbours formula           C2 , is planar   ANY_PLANARITY , planarity esd   0.000000 , belongs to planar rings:           no , in 3 member rings no , in 4 member rings no , neighbours C4'_36,C1'_41
  C3'_38 atomic number    6 , neighbours formula         C2HO , is planar      NOT_PLANAR , planarity esd   0.913190 , belongs to planar rings:           no , in 3 member rings no , in 4 member rings no , neighbours C4'_36,O3'_39,C2'_40,H3'_53
  O3'_39 atomic number    8 , neighbours formula           CP , is planar   ANY_PLANARITY , planarity esd   0.000000 , belongs to planar rings:           no , in 3 member rings no , in 4 member rings no , neighbours C3'_38,P_61
  C2'_40 atomic number    6 , neighbours formula         C2H2 , is planar      NOT_PLANAR , planarity esd   0.808610 , belongs to planar rings:           no , in 3 member rings no , in 4 member rings no , neighbours C3'_38,C1'_41,H2'_54,H2''_55
  C1'_41 atomic number    6 , neighbours formula         CHNO , is planar      NOT_PLANAR , planarity esd   0.907477 , belongs to planar rings:           no , in 3 member rings no , in 4 member rings no , neighbours O4'_37,C2'_40,N1_42,H1'_56
   N1_42 atomic number    7 , neighbours formula           C3 , is planar          PLANAR , planarity esd   0.043483 , belongs to planar rings:            3 , in 3 member rings no , in 4 member rings no , neighbours C1'_41,C2_43,C6_49
   C2_43 atomic number    6 , neighbours formula          N2O , is planar          PLANAR , planarity esd   0.004813 , belongs to planar rings:            3 , in 3 member rings no , in 4 member rings no , neighbours N1_42,O2_44,N3_45
   O2_44 atomic number    8 , neighbours formula            C , is planar   ANY_PLANARITY , planarity esd   0.000000 , belongs to planar rings:           no , in 3 member rings no , in 4 member rings no , neighbours C2_43
   N3_45 atomic number    7 , neighbours formula           C2 , is planar   ANY_PLANARITY , planarity esd   0.000000 , belongs to planar rings:            3 , in 3 member rings no , in 4 member rings no , neighbours C2_43,C4_46
   C4_46 atomic number    6 , neighbours formula          CN2 , is planar          PLANAR , planarity esd   0.065965 , belongs to planar rings:            3 , in 3 member rings no , in 4 member rings no , neighbours N3_45,N4_47,C5_48
   N4_47 atomic number    7 , neighbours formula          CH2 , is planar          PLANAR , planarity esd   0.000000 , belongs to planar rings:           no , in 3 member rings no , in 4 member rings no , neighbours C4_46,H41_57,H42_58
   C5_48 atomic number    6 , neighbours formula          C2H , is planar          PLANAR , planarity esd   0.000000 , belongs to planar rings:            3 , in 3 member rings no , in 4 member rings no , neighbours C4_46,C6_49,H5_59
   C6_49 atomic number    6 , neighbours formula          CHN , is planar          PLANAR , planarity esd   0.000000 , belongs to planar rings:            3 , in 3 member rings no , in 4 member rings no , neighbours N1_42,C5_48,H6_60
  H5'_50 atomic number    1 , neighbours formula            C , is planar   ANY_PLANARITY , planarity esd   0.000000 , belongs to planar rings:           no , in 3 member rings no , in 4 member rings no , neighbours C5'_35
 H5''_51 atomic number    1 , neighbours formula            C , is planar   ANY_PLANARITY , planarity esd   0.000000 , belongs to planar rings:           no , in 3 member rings no , in 4 member rings no , neighbours C5'_35
  H4'_52 atomic number    1 , neighbours formula            C , is planar   ANY_PLANARITY , planarity esd   0.000000 , belongs to planar rings:           no , in 3 member rings no , in 4 member rings no , neighbours C4'_36
  H3'_53 atomic number    1 , neighbours formula            C , is planar   ANY_PLANARITY , planarity esd   0.000000 , belongs to planar rings:           no , in 3 member rings no , in 4 member rings no , neighbours C3'_38
  H2'_54 atomic number    1 , neighbours formula            C , is planar   ANY_PLANARITY , planarity esd   0.000000 , belongs to planar rings:           no , in 3 member rings no , in 4 member rings no , neighbours C2'_40
 H2''_55 atomic number    1 , neighbours formula            C , is planar   ANY_PLANARITY , planarity esd   0.000000 , belongs to planar rings:           no , in 3 member rings no , in 4 member rings no , neighbours C2'_40
  H1'_56 atomic number    1 , neighbours formula            C , is planar   ANY_PLANARITY , planarity esd   0.000000 , belongs to planar rings:           no , in 3 member rings no , in 4 member rings no , neighbours C1'_41
  H41_57 atomic number    1 , neighbours formula            N , is planar   ANY_PLANARITY , planarity esd   0.000000 , belongs to planar rings:           no , in 3 member rings no , in 4 member rings no , neighbours N4_47
  H42_58 atomic number    1 , neighbours formula            N , is planar   ANY_PLANARITY , planarity esd   0.000000 , belongs to planar rings:           no , in 3 member rings no , in 4 member rings no , neighbours N4_47
   H5_59 atomic number    1 , neighbours formula            C , is planar   ANY_PLANARITY , planarity esd   0.000000 , belongs to planar rings:           no , in 3 member rings no , in 4 member rings no , neighbours C5_48
   H6_60 atomic number    1 , neighbours formula            C , is planar   ANY_PLANARITY , planarity esd   0.000000 , belongs to planar rings:           no , in 3 member rings no , in 4 member rings no , neighbours C6_49
    P_61 atomic number   15 , neighbours formula           O4 , is planar      NOT_PLANAR , planarity esd   1.149992 , belongs to planar rings:           no , in 3 member rings no , in 4 member rings no , neighbours O3'_39,OP1_62,OP2_63,O5'_64
  OP1_62 atomic number    8 , neighbours formula            P , is planar   ANY_PLANARITY , planarity esd   0.000000 , belongs to planar rings:           no , in 3 member rings no , in 4 member rings no , neighbours P_61
  OP2_63 atomic number    8 , neighbours formula            P , is planar   ANY_PLANARITY , planarity esd   0.000000 , belongs to planar rings:           no , in 3 member rings no , in 4 member rings no , neighbours P_61
  O5'_64 atomic number    8 , neighbours formula           CP , is planar   ANY_PLANARITY , planarity esd   0.000000 , belongs to planar rings:           no , in 3 member rings no , in 4 member rings no , neighbours P_61,C5'_65
  C5'_65 atomic number    6 , neighbours formula         CH2O , is planar      NOT_PLANAR , planarity esd   0.813999 , belongs to planar rings:           no , in 3 member rings no , in 4 member rings no , neighbours O5'_64,C4'_66,H5'_83,H5''_84
  C4'_66 atomic number    6 , neighbours formula         C2HO , is planar      NOT_PLANAR , planarity esd   0.939396 , belongs to planar rings:           no , in 3 member rings no , in 4 member rings no , neighbours C5'_65,O4'_67,C3'_68,H4'_85
  O4'_67 atomic number    8 , neighbours formula           C2 , is planar   ANY_PLANARITY , planarity esd   0.000000 , belongs to planar rings:           no , in 3 member rings no , in 4 member rings no , neighbours C4'_66,C1'_71
  C3'_68 atomic number    6 , neighbours formula         C2HO , is planar      NOT_PLANAR , planarity esd   0.928011 , belongs to planar rings:           no , in 3 member rings no , in 4 member rings no , neighbours C4'_66,O3'_69,C2'_70,H3'_86
  O3'_69 atomic number    8 , neighbours formula           CP , is planar   ANY_PLANARITY , planarity esd   0.000000 , belongs to planar rings:           no , in 3 member rings no , in 4 member rings no , neighbours C3'_68,P_94
  C2'_70 atomic number    6 , neighbours formula         C2H2 , is planar      NOT_PLANAR , planarity esd   0.794127 , belongs to planar rings:           no , in 3 member rings no , in 4 member rings no , neighbours C3'_68,C1'_71,H2'_87,H2''_88
  C1'_71 atomic number    6 , neighbours formula         CHNO , is planar      NOT_PLANAR , planarity esd   0.950204 , belongs to planar rings:           no , in 3 member rings no , in 4 member rings no , neighbours O4'_67,C2'_70,N9_72,H1'_89
   N9_72 atomic number    7 , neighbours formula           C3 , is planar      NOT_PLANAR , planarity esd   0.103343 , belongs to planar rings:           no , in 3 member rings no , in 4 member rings no , neighbours C1'_71,C8_73,C4_82
   C8_73 atomic number    6 , neighbours formula          HN2 , is planar          PLANAR , planarity esd   0.000000 , belongs to planar rings:           no , in 3 member rings no , in 4 member rings no , neighbours N9_72,N7_74,H8_90
   N7_74 atomic number    7 , neighbours formula           C2 , is planar   ANY_PLANARITY , planarity esd   0.000000 , belongs to planar rings:           no , in 3 member rings no , in 4 member rings no , neighbours C8_73,C5_75
   C5_75 atomic number    6 , neighbours formula          C2N , is planar          PLANAR , planarity esd   0.001328 , belongs to planar rings:            4 , in 3 member rings no , in 4 member rings no , neighbours N7_74,C6_76,C4_82
   C6_76 atomic number    6 , neighbours formula          CNO , is planar          PLANAR , planarity esd   0.005352 , belongs to planar rings:            4 , in 3 member rings no , in 4 member rings no , neighbours C5_75,O6_77,N1_78
   O6_77 atomic number    8 , neighbours formula            C , is planar   ANY_PLANARITY , planarity esd   0.000000 , belongs to planar rings:           no , in 3 member rings no , in 4 member rings no , neighbours C6_76
   N1_78 atomic number    7 , neighbours formula          C2H , is planar          PLANAR , planarity esd   0.000000 , belongs to planar rings:            4 , in 3 member rings no , in 4 member rings no , neighbours C6_76,C2_79,H1_91
   C2_79 atomic number    6 , neighbours formula           N3 , is planar          PLANAR , planarity esd   0.001421 , belongs to planar rings:            4 , in 3 member rings no , in 4 member rings no , neighbours N1_78,N2_80,N3_81
   N2_80 atomic number    7 , neighbours formula          CH2 , is planar          PLANAR , planarity esd   0.000000 , belongs to planar rings:           no , in 3 member rings no , in 4 member rings no , neighbours C2_79,H21_92,H22_93
   N3_81 atomic number    7 , neighbours formula           C2 , is planar   ANY_PLANARITY , planarity esd   0.000000 , belongs to planar rings:            4 , in 3 member rings no , in 4 member rings no , neighbours C2_79,C4_82
   C4_82 atomic number    6 , neighbours formula          CN2 , is planar          PLANAR , planarity esd   0.017926 , belongs to planar rings:            4 , in 3 member rings no , in 4 member rings no , neighbours N9_72,C5_75,N3_81
  H5'_83 atomic number    1 , neighbours formula            C , is planar   ANY_PLANARITY , planarity esd   0.000000 , belongs to planar rings:           no , in 3 member rings no , in 4 member rings no , neighbours C5'_65
 H5''_84 atomic number    1 , neighbours formula            C , is planar   ANY_PLANARITY , planarity esd   0.000000 , belongs to planar rings:           no , in 3 member rings no , in 4 member rings no , neighbours C5'_65
  H4'_85 atomic number    1 , neighbours formula            C , is planar   ANY_PLANARITY , planarity esd   0.000000 , belongs to planar rings:           no , in 3 member rings no , in 4 member rings no , neighbours C4'_66
  H3'_86 atomic number    1 , neighbours formula            C , is planar   ANY_PLANARITY , planarity esd   0.000000 , belongs to planar rings:           no , in 3 member rings no , in 4 member rings no , neighbours C3'_68
  H2'_87 atomic number    1 , neighbours formula            C , is planar   ANY_PLANARITY , planarity esd   0.000000 , belongs to planar rings:           no , in 3 member rings no , in 4 member rings no , neighbours C2'_70
 H2''_88 atomic number    1 , neighbours formula            C , is planar   ANY_PLANARITY , planarity esd   0.000000 , belongs to planar rings:           no , in 3 member rings no , in 4 member rings no , neighbours C2'_70
  H1'_89 atomic number    1 , neighbours formula            C , is planar   ANY_PLANARITY , planarity esd   0.000000 , belongs to planar rings:           no , in 3 member rings no , in 4 member rings no , neighbours C1'_71
   H8_90 atomic number    1 , neighbours formula            C , is planar   ANY_PLANARITY , planarity esd   0.000000 , belongs to planar rings:           no , in 3 member rings no , in 4 member rings no , neighbours C8_73
   H1_91 atomic number    1 , neighbours formula            N , is planar   ANY_PLANARITY , planarity esd   0.000000 , belongs to planar rings:           no , in 3 member rings no , in 4 member rings no , neighbours N1_78
  H21_92 atomic number    1 , neighbours formula            N , is planar   ANY_PLANARITY , planarity esd   0.000000 , belongs to planar rings:           no , in 3 member rings no , in 4 member rings no , neighbours N2_80
  H22_93 atomic number    1 , neighbours formula            N , is planar   ANY_PLANARITY , planarity esd   0.000000 , belongs to planar rings:           no , in 3 member rings no , in 4 member rings no , neighbours N2_80
    P_94 atomic number   15 , neighbours formula           O4 , is planar      NOT_PLANAR , planarity esd   1.135859 , belongs to planar rings:           no , in 3 member rings no , in 4 member rings no , neighbours O3'_69,OP1_95,OP2_96,O5'_97
  OP1_95 atomic number    8 , neighbours formula            P , is planar   ANY_PLANARITY , planarity esd   0.000000 , belongs to planar rings:           no , in 3 member rings no , in 4 member rings no , neighbours P_94
  OP2_96 atomic number    8 , neighbours formula            P , is planar   ANY_PLANARITY , planarity esd   0.000000 , belongs to planar rings:           no , in 3 member rings no , in 4 member rings no , neighbours P_94
  O5'_97 atomic number    8 , neighbours formula           CP , is planar   ANY_PLANARITY , planarity esd   0.000000 , belongs to planar rings:           no , in 3 member rings no , in 4 member rings no , neighbours P_94,C5'_98
  C5'_98 atomic number    6 , neighbours formula         CH2O , is planar      NOT_PLANAR , planarity esd   0.811776 , belongs to planar rings:           no , in 3 member rings no , in 4 member rings no , neighbours O5'_97,C4'_99,H5'_116,H5''_117
  C4'_99 atomic number    6 , neighbours formula         C2HO , is planar      NOT_PLANAR , planarity esd   0.918793 , belongs to planar rings:           no , in 3 member rings no , in 4 member rings no , neighbours C5'_98,O4'_100,C3'_101,H4'_118
 O4'_100 atomic number    8 , neighbours formula           C2 , is planar   ANY_PLANARITY , planarity esd   0.000000 , belongs to planar rings:           no , in 3 member rings no , in 4 member rings no , neighbours C4'_99,C1'_104
 C3'_101 atomic number    6 , neighbours formula         C2HO , is planar      NOT_PLANAR , planarity esd   0.947307 , belongs to planar rings:           no , in 3 member rings no , in 4 member rings no , neighbours C4'_99,O3'_102,C2'_103,H3'_119
 O3'_102 atomic number    8 , neighbours formula           CP , is planar   ANY_PLANARITY , planarity esd   0.000000 , belongs to planar rings:           no , in 3 member rings no , in 4 member rings no , neighbours C3'_101,P_127
 C2'_103 atomic number    6 , neighbours formula         C2H2 , is planar      NOT_PLANAR , planarity esd   0.789154 , belongs to planar rings:           no , in 3 member rings no , in 4 member rings no , neighbours C3'_101,C1'_104,H2'_120,H2''_121
 C1'_104 atomic number    6 , neighbours formula         CHNO , is planar      NOT_PLANAR , planarity esd   0.921863 , belongs to planar rings:           no , in 3 member rings no , in 4 member rings no , neighbours O4'_100,C2'_103,N9_105,H1'_122
  N9_105 atomic number    7 , neighbours formula           C3 , is planar          PLANAR , planarity esd   0.081288 , belongs to planar rings:            5 , in 3 member rings no , in 4 member rings no , neighbours C1'_104,C8_106,C4_115
  C8_106 atomic number    6 , neighbours formula          HN2 , is planar          PLANAR , planarity esd   0.000000 , belongs to planar rings:            5 , in 3 member rings no , in 4 member rings no , neighbours N9_105,N7_107,H8_123
  N7_107 atomic number    7 , neighbours formula           C2 , is planar   ANY_PLANARITY , planarity esd   0.000000 , belongs to planar rings:            5 , in 3 member rings no , in 4 member rings no , neighbours C8_106,C5_108
  C5_108 atomic number    6 , neighbours formula          C2N , is planar          PLANAR , planarity esd   0.015599 , belongs to planar rings:          5,6 , in 3 member rings no , in 4 member rings no , neighbours N7_107,C6_109,C4_115
  C6_109 atomic number    6 , neighbours formula          CNO , is planar          PLANAR , planarity esd   0.000534 , belongs to planar rings:            6 , in 3 member rings no , in 4 member rings no , neighbours C5_108,O6_110,N1_111
  O6_110 atomic number    8 , neighbours formula            C , is planar   ANY_PLANARITY , planarity esd   0.000000 , belongs to planar rings:           no , in 3 member rings no , in 4 member rings no , neighbours C6_109
  N1_111 atomic number    7 , neighbours formula          C2H , is planar          PLANAR , planarity esd   0.000000 , belongs to planar rings:            6 , in 3 member rings no , in 4 member rings no , neighbours C6_109,C2_112,H1_124
  C2_112 atomic number    6 , neighbours formula           N3 , is planar          PLANAR , planarity esd   0.008317 , belongs to planar rings:            6 , in 3 member rings no , in 4 member rings no , neighbours N1_111,N2_113,N3_114
  N2_113 atomic number    7 , neighbours formula          CH2 , is planar          PLANAR , planarity esd   0.000000 , belongs to planar rings:           no , in 3 member rings no , in 4 member rings no , neighbours C2_112,H21_125,H22_126
  N3_114 atomic number    7 , neighbours formula           C2 , is planar   ANY_PLANARITY , planarity esd   0.000000 , belongs to planar rings:            6 , in 3 member rings no , in 4 member rings no , neighbours C2_112,C4_115
  C4_115 atomic number    6 , neighbours formula          CN2 , is planar          PLANAR , planarity esd   0.004404 , belongs to planar rings:          5,6 , in 3 member rings no , in 4 member rings no , neighbours N9_105,C5_108,N3_114
 H5'_116 atomic number    1 , neighbours formula            C , is planar   ANY_PLANARITY , planarity esd   0.000000 , belongs to planar rings:           no , in 3 member rings no , in 4 member rings no , neighbours C5'_98
H5''_117 atomic number    1 , neighbours formula            C , is planar   ANY_PLANARITY , planarity esd   0.000000 , belongs to planar rings:           no , in 3 member rings no , in 4 member rings no , neighbours C5'_98
 H4'_118 atomic number    1 , neighbours formula            C , is planar   ANY_PLANARITY , planarity esd   0.000000 , belongs to planar rings:           no , in 3 member rings no , in 4 member rings no , neighbours C4'_99
 H3'_119 atomic number    1 , neighbours formula            C , is planar   ANY_PLANARITY , planarity esd   0.000000 , belongs to planar rings:           no , in 3 member rings no , in 4 member rings no , neighbours C3'_101
 H2'_120 atomic number    1 , neighbours formula            C , is planar   ANY_PLANARITY , planarity esd   0.000000 , belongs to planar rings:           no , in 3 member rings no , in 4 member rings no , neighbours C2'_103
H2''_121 atomic number    1 , neighbours formula            C , is planar   ANY_PLANARITY , planarity esd   0.000000 , belongs to planar rings:           no , in 3 member rings no , in 4 member rings no , neighbours C2'_103
 H1'_122 atomic number    1 , neighbours formula            C , is planar   ANY_PLANARITY , planarity esd   0.000000 , belongs to planar rings:           no , in 3 member rings no , in 4 member rings no , neighbours C1'_104
  H8_123 atomic number    1 , neighbours formula            C , is planar   ANY_PLANARITY , planarity esd   0.000000 , belongs to planar rings:           no , in 3 member rings no , in 4 member rings no , neighbours C8_106
  H1_124 atomic number    1 , neighbours formula            N , is planar   ANY_PLANARITY , planarity esd   0.000000 , belongs to planar rings:           no , in 3 member rings no , in 4 member rings no , neighbours N1_111
 H21_125 atomic number    1 , neighbours formula            N , is planar   ANY_PLANARITY , planarity esd   0.000000 , belongs to planar rings:           no , in 3 member rings no , in 4 member rings no , neighbours N2_113
 H22_126 atomic number    1 , neighbours formula            N , is planar   ANY_PLANARITY , planarity esd   0.000000 , belongs to planar rings:           no , in 3 member rings no , in 4 member rings no , neighbours N2_113
   P_127 atomic number   15 , neighbours formula           O4 , is planar      NOT_PLANAR , planarity esd   1.017991 , belongs to planar rings:           no , in 3 member rings no , in 4 member rings no , neighbours O3'_102,OP1_128,OP2_129,O5'_130
 OP1_128 atomic number    8 , neighbours formula            P , is planar   ANY_PLANARITY , planarity esd   0.000000 , belongs to planar rings:           no , in 3 member rings no , in 4 member rings no , neighbours P_127
 OP2_129 atomic number    8 , neighbours formula            P , is planar   ANY_PLANARITY , planarity esd   0.000000 , belongs to planar rings:           no , in 3 member rings no , in 4 member rings no , neighbours P_127
 O5'_130 atomic number    8 , neighbours formula           CP , is planar   ANY_PLANARITY , planarity esd   0.000000 , belongs to planar rings:           no , in 3 member rings no , in 4 member rings no , neighbours P_127,C5'_131
 C5'_131 atomic number    6 , neighbours formula         CH2O , is planar      NOT_PLANAR , planarity esd   0.807344 , belongs to planar rings:           no , in 3 member rings no , in 4 member rings no , neighbours O5'_130,C4'_132,H5'_149,H5''_150
 C4'_132 atomic number    6 , neighbours formula         C2HO , is planar      NOT_PLANAR , planarity esd   0.924012 , belongs to planar rings:           no , in 3 member rings no , in 4 member rings no , neighbours C5'_131,O4'_133,C3'_134,H4'_151
 O4'_133 atomic number    8 , neighbours formula           C2 , is planar   ANY_PLANARITY , planarity esd   0.000000 , belongs to planar rings:           no , in 3 member rings no , in 4 member rings no , neighbours C4'_132,C1'_137
 C3'_134 atomic number    6 , neighbours formula         C2HO , is planar      NOT_PLANAR , planarity esd   0.932480 , belongs to planar rings:           no , in 3 member rings no , in 4 member rings no , neighbours C4'_132,O3'_135,C2'_136,H3'_152
 O3'_135 atomic number    8 , neighbours formula           CP , is planar   ANY_PLANARITY , planarity esd   0.000000 , belongs to planar rings:           no , in 3 member rings no , in 4 member rings no , neighbours C3'_134,P_160
 C2'_136 atomic number    6 , neighbours formula         C2H2 , is planar      NOT_PLANAR , planarity esd   0.797098 , belongs to planar rings:           no , in 3 member rings no , in 4 member rings no , neighbours C3'_134,C1'_137,H2'_153,H2''_154
 C1'_137 atomic number    6 , neighbours formula         CHNO , is planar      NOT_PLANAR , planarity esd   0.915797 , belongs to planar rings:           no , in 3 member rings no , in 4 member rings no , neighbours O4'_133,C2'_136,N9_138,H1'_155
  N9_138 atomic number    7 , neighbours formula           C3 , is planar          PLANAR , planarity esd   0.075504 , belongs to planar rings:            7 , in 3 member rings no , in 4 member rings no , neighbours C1'_137,C8_139,C4_148
  C8_139 atomic number    6 , neighbours formula          HN2 , is planar          PLANAR , planarity esd   0.000000 , belongs to planar rings:            7 , in 3 member rings no , in 4 member rings no , neighbours N9_138,N7_140,H8_156
  N7_140 atomic number    7 , neighbours formula           C2 , is planar   ANY_PLANARITY , planarity esd   0.000000 , belongs to planar rings:            7 , in 3 member rings no , in 4 member rings no , neighbours C8_139,C5_141
  C5_141 atomic number    6 , neighbours formula          C2N , is planar          PLANAR , planarity esd   0.031278 , belongs to planar rings:          7,8 , in 3 member rings no , in 4 member rings no , neighbours N7_140,C6_142,C4_148
  C6_142 atomic number    6 , neighbours formula          CNO , is planar          PLANAR , planarity esd   0.021188 , belongs to planar rings:            8 , in 3 member rings no , in 4 member rings no , neighbours C5_141,O6_143,N1_144
  O6_143 atomic number    8 , neighbours formula            C , is planar   ANY_PLANARITY , planarity esd   0.000000 , belongs to planar rings:           no , in 3 member rings no , in 4 member rings no , neighbours C6_142
  N1_144 atomic number    7 , neighbours formula          C2H , is planar          PLANAR , planarity esd   0.000000 , belongs to planar rings:            8 , in 3 member rings no , in 4 member rings no , neighbours C6_142,C2_145,H1_157
  C2_145 atomic number    6 , neighbours formula           N3 , is planar          PLANAR , planarity esd   0.016943 , belongs to planar rings:            8 , in 3 member rings no , in 4 member rings no , neighbours N1_144,N2_146,N3_147
  N2_146 atomic number    7 , neighbours formula          CH2 , is planar          PLANAR , planarity esd   0.000000 , belongs to planar rings:           no , in 3 member rings no , in 4 member rings no , neighbours C2_145,H21_158,H22_159
  N3_147 atomic number    7 , neighbours formula           C2 , is planar   ANY_PLANARITY , planarity esd   0.000000 , belongs to planar rings:            8 , in 3 member rings no , in 4 member rings no , neighbours C2_145,C4_148
  C4_148 atomic number    6 , neighbours formula          CN2 , is planar          PLANAR , planarity esd   0.009635 , belongs to planar rings:          7,8 , in 3 member rings no , in 4 member rings no , neighbours N9_138,C5_141,N3_147
 H5'_149 atomic number    1 , neighbours formula            C , is planar   ANY_PLANARITY , planarity esd   0.000000 , belongs to planar rings:           no , in 3 member rings no , in 4 member rings no , neighbours C5'_131
H5''_150 atomic number    1 , neighbours formula            C , is planar   ANY_PLANARITY , planarity esd   0.000000 , belongs to planar rings:           no , in 3 member rings no , in 4 member rings no , neighbours C5'_131
 H4'_151 atomic number    1 , neighbours formula            C , is planar   ANY_PLANARITY , planarity esd   0.000000 , belongs to planar rings:           no , in 3 member rings no , in 4 member rings no , neighbours C4'_132
 H3'_152 atomic number    1 , neighbours formula            C , is planar   ANY_PLANARITY , planarity esd   0.000000 , belongs to planar rings:           no , in 3 member rings no , in 4 member rings no , neighbours C3'_134
 H2'_153 atomic number    1 , neighbours formula            C , is planar   ANY_PLANARITY , planarity esd   0.000000 , belongs to planar rings:           no , in 3 member rings no , in 4 member rings no , neighbours C2'_136
H2''_154 atomic number    1 , neighbours formula            C , is planar   ANY_PLANARITY , planarity esd   0.000000 , belongs to planar rings:           no , in 3 member rings no , in 4 member rings no , neighbours C2'_136
 H1'_155 atomic number    1 , neighbours formula            C , is planar   ANY_PLANARITY , planarity esd   0.000000 , belongs to planar rings:           no , in 3 member rings no , in 4 member rings no , neighbours C1'_137
  H8_156 atomic number    1 , neighbours formula            C , is planar   ANY_PLANARITY , planarity esd   0.000000 , belongs to planar rings:           no , in 3 member rings no , in 4 member rings no , neighbours C8_139
  H1_157 atomic number    1 , neighbours formula            N , is planar   ANY_PLANARITY , planarity esd   0.000000 , belongs to planar rings:           no , in 3 member rings no , in 4 member rings no , neighbours N1_144
 H21_158 atomic number    1 , neighbours formula            N , is planar   ANY_PLANARITY , planarity esd   0.000000 , belongs to planar rings:           no , in 3 member rings no , in 4 member rings no , neighbours N2_146
 H22_159 atomic number    1 , neighbours formula            N , is planar   ANY_PLANARITY , planarity esd   0.000000 , belongs to planar rings:           no , in 3 member rings no , in 4 member rings no , neighbours N2_146
   P_160 atomic number   15 , neighbours formula           O4 , is planar      NOT_PLANAR , planarity esd   1.059541 , belongs to planar rings:           no , in 3 member rings no , in 4 member rings no , neighbours O3'_135,OP1_161,OP2_162,O5'_163
 OP1_161 atomic number    8 , neighbours formula            P , is planar   ANY_PLANARITY , planarity esd   0.000000 , belongs to planar rings:           no , in 3 member rings no , in 4 member rings no , neighbours P_160
 OP2_162 atomic number    8 , neighbours formula            P , is planar   ANY_PLANARITY , planarity esd   0.000000 , belongs to planar rings:           no , in 3 member rings no , in 4 member rings no , neighbours P_160
 O5'_163 atomic number    8 , neighbours formula           CP , is planar   ANY_PLANARITY , planarity esd   0.000000 , belongs to planar rings:           no , in 3 member rings no , in 4 member rings no , neighbours P_160,C5'_164
 C5'_164 atomic number    6 , neighbours formula         CH2O , is planar      NOT_PLANAR , planarity esd   0.805842 , belongs to planar rings:           no , in 3 member rings no , in 4 member rings no , neighbours O5'_163,C4'_165,H5'_179,H5''_180
 C4'_165 atomic number    6 , neighbours formula         C2HO , is planar      NOT_PLANAR , planarity esd   0.925565 , belongs to planar rings:           no , in 3 member rings no , in 4 member rings no , neighbours C5'_164,O4'_166,C3'_167,H4'_181
 O4'_166 atomic number    8 , neighbours formula           C2 , is planar   ANY_PLANARITY , planarity esd   0.000000 , belongs to planar rings:           no , in 3 member rings no , in 4 member rings no , neighbours C4'_165,C1'_170
 C3'_167 atomic number    6 , neighbours formula         C2HO , is planar      NOT_PLANAR , planarity esd   0.905696 , belongs to planar rings:           no , in 3 member rings no , in 4 member rings no , neighbours C4'_165,O3'_168,C2'_169,H3'_182
 O3'_168 atomic number    8 , neighbours formula           CP , is planar   ANY_PLANARITY , planarity esd   0.000000 , belongs to planar rings:           no , in 3 member rings no , in 4 member rings no , neighbours C3'_167,P_190
 C2'_169 atomic number    6 , neighbours formula         C2H2 , is planar      NOT_PLANAR , planarity esd   0.801484 , belongs to planar rings:           no , in 3 member rings no , in 4 member rings no , neighbours C3'_167,C1'_170,H2'_183,H2''_184
 C1'_170 atomic number    6 , neighbours formula         CHNO , is planar      NOT_PLANAR , planarity esd   0.917988 , belongs to planar rings:           no , in 3 member rings no , in 4 member rings no , neighbours O4'_166,C2'_169,N1_171,H1'_185
  N1_171 atomic number    7 , neighbours formula           C3 , is planar          PLANAR , planarity esd   0.024906 , belongs to planar rings:            9 , in 3 member rings no , in 4 member rings no , neighbours C1'_170,C2_172,C6_178
  C2_172 atomic number    6 , neighbours formula          N2O , is planar          PLANAR , planarity esd   0.004204 , belongs to planar rings:            9 , in 3 member rings no , in 4 member rings no , neighbours N1_171,O2_173,N3_174
  O2_173 atomic number    8 , neighbours formula            C , is planar   ANY_PLANARITY , planarity esd   0.000000 , belongs to planar rings:           no , in 3 member rings no , in 4 member rings no , neighbours C2_172
  N3_174 atomic number    7 , neighbours formula           C2 , is planar   ANY_PLANARITY , planarity esd   0.000000 , belongs to planar rings:            9 , in 3 member rings no , in 4 member rings no , neighbours C2_172,C4_175
  C4_175 atomic number    6 , neighbours formula          CN2 , is planar          PLANAR , planarity esd   0.005527 , belongs to planar rings:            9 , in 3 member rings no , in 4 member rings no , neighbours N3_174,N4_176,C5_177
  N4_176 atomic number    7 , neighbours formula          CH2 , is planar          PLANAR , planarity esd   0.000000 , belongs to planar rings:           no , in 3 member rings no , in 4 member rings no , neighbours C4_175,H41_186,H42_187
  C5_177 atomic number    6 , neighbours formula          C2H , is planar          PLANAR , planarity esd   0.000000 , belongs to planar rings:            9 , in 3 member rings no , in 4 member rings no , neighbours C4_175,C6_178,H5_188
  C6_178 atomic number    6 , neighbours formula          CHN , is planar          PLANAR , planarity esd   0.000000 , belongs to planar rings:            9 , in 3 member rings no , in 4 member rings no , neighbours N1_171,C5_177,H6_189
 H5'_179 atomic number    1 , neighbours formula            C , is planar   ANY_PLANARITY , planarity esd   0.000000 , belongs to planar rings:           no , in 3 member rings no , in 4 member rings no , neighbours C5'_164
H5''_180 atomic number    1 , neighbours formula            C , is planar   ANY_PLANARITY , planarity esd   0.000000 , belongs to planar rings:           no , in 3 member rings no , in 4 member rings no , neighbours C5'_164
 H4'_181 atomic number    1 , neighbours formula            C , is planar   ANY_PLANARITY , planarity esd   0.000000 , belongs to planar rings:           no , in 3 member rings no , in 4 member rings no , neighbours C4'_165
 H3'_182 atomic number    1 , neighbours formula            C , is planar   ANY_PLANARITY , planarity esd   0.000000 , belongs to planar rings:           no , in 3 member rings no , in 4 member rings no , neighbours C3'_167
 H2'_183 atomic number    1 , neighbours formula            C , is planar   ANY_PLANARITY , planarity esd   0.000000 , belongs to planar rings:           no , in 3 member rings no , in 4 member rings no , neighbours C2'_169
H2''_184 atomic number    1 , neighbours formula            C , is planar   ANY_PLANARITY , planarity esd   0.000000 , belongs to planar rings:           no , in 3 member rings no , in 4 member rings no , neighbours C2'_169
 H1'_185 atomic number    1 , neighbours formula            C , is planar   ANY_PLANARITY , planarity esd   0.000000 , belongs to planar rings:           no , in 3 member rings no , in 4 member rings no , neighbours C1'_170
 H41_186 atomic number    1 , neighbours formula            N , is planar   ANY_PLANARITY , planarity esd   0.000000 , belongs to planar rings:           no , in 3 member rings no , in 4 member rings no , neighbours N4_176
 H42_187 atomic number    1 , neighbours formula            N , is planar   ANY_PLANARITY , planarity esd   0.000000 , belongs to planar rings:           no , in 3 member rings no , in 4 member rings no , neighbours N4_176
  H5_188 atomic number    1 , neighbours formula            C , is planar   ANY_PLANARITY , planarity esd   0.000000 , belongs to planar rings:           no , in 3 member rings no , in 4 member rings no , neighbours C5_177
  H6_189 atomic number    1 , neighbours formula            C , is planar   ANY_PLANARITY , planarity esd   0.000000 , belongs to planar rings:           no , in 3 member rings no , in 4 member rings no , neighbours C6_178
   P_190 atomic number   15 , neighbours formula           O4 , is planar      NOT_PLANAR , planarity esd   1.083488 , belongs to planar rings:           no , in 3 member rings no , in 4 member rings no , neighbours O3'_168,OP1_191,OP2_192,O5'_193
 OP1_191 atomic number    8 , neighbours formula            P , is planar   ANY_PLANARITY , planarity esd   0.000000 , belongs to planar rings:           no , in 3 member rings no , in 4 member rings no , neighbours P_190
 OP2_192 atomic number    8 , neighbours formula            P , is planar   ANY_PLANARITY , planarity esd   0.000000 , belongs to planar rings:           no , in 3 member rings no , in 4 member rings no , neighbours P_190
 O5'_193 atomic number    8 , neighbours formula           CP , is planar   ANY_PLANARITY , planarity esd   0.000000 , belongs to planar rings:           no , in 3 member rings no , in 4 member rings no , neighbours P_190,C5'_194
 C5'_194 atomic number    6 , neighbours formula         CH2O , is planar      NOT_PLANAR , planarity esd   0.782232 , belongs to planar rings:           no , in 3 member rings no , in 4 member rings no , neighbours O5'_193,C4'_195,H5'_209,H5''_210
 C4'_195 atomic number    6 , neighbours formula         C2HO , is planar      NOT_PLANAR , planarity esd   0.912209 , belongs to planar rings:           no , in 3 member rings no , in 4 member rings no , neighbours C5'_194,O4'_196,C3'_197,H4'_211
 O4'_196 atomic number    8 , neighbours formula           C2 , is planar   ANY_PLANARITY , planarity esd   0.000000 , belongs to planar rings:           no , in 3 member rings no , in 4 member rings no , neighbours C4'_195,C1'_200
 C3'_197 atomic number    6 , neighbours formula         C2HO , is planar      NOT_PLANAR , planarity esd   0.920039 , belongs to planar rings:           no , in 3 member rings no , in 4 member rings no , neighbours C4'_195,O3'_198,C2'_199,H3'_212
 O3'_198 atomic number    8 , neighbours formula           CP , is planar   ANY_PLANARITY , planarity esd   0.000000 , belongs to planar rings:           no , in 3 member rings no , in 4 member rings no , neighbours C3'_197,P_220
 C2'_199 atomic number    6 , neighbours formula         C2H2 , is planar      NOT_PLANAR , planarity esd   0.801841 , belongs to planar rings:           no , in 3 member rings no , in 4 member rings no , neighbours C3'_197,C1'_200,H2'_213,H2''_214
 C1'_200 atomic number    6 , neighbours formula         CHNO , is planar      NOT_PLANAR , planarity esd   0.893436 , belongs to planar rings:           no , in 3 member rings no , in 4 member rings no , neighbours O4'_196,C2'_199,N1_201,H1'_215
  N1_201 atomic number    7 , neighbours formula           C3 , is planar          PLANAR , planarity esd   0.029248 , belongs to planar rings:           10 , in 3 member rings no , in 4 member rings no , neighbours C1'_200,C2_202,C6_208
  C2_202 atomic number    6 , neighbours formula          N2O , is planar          PLANAR , planarity esd   0.002199 , belongs to planar rings:           10 , in 3 member rings no , in 4 member rings no , neighbours N1_201,O2_203,N3_204
  O2_203 atomic number    8 , neighbours formula            C , is planar   ANY_PLANARITY , planarity esd   0.000000 , belongs to planar rings:           no , in 3 member rings no , in 4 member rings no , neighbours C2_202
  N3_204 atomic number    7 , neighbours formula           C2 , is planar   ANY_PLANARITY , planarity esd   0.000000 , belongs to planar rings:           10 , in 3 member rings no , in 4 member rings no , neighbours C2_202,C4_205
  C4_205 atomic number    6 , neighbours formula          CN2 , is planar          PLANAR , planarity esd   0.012843 , belongs to planar rings:           10 , in 3 member rings no , in 4 member rings no , neighbours N3_204,N4_206,C5_207
  N4_206 atomic number    7 , neighbours formula          CH2 , is planar          PLANAR , planarity esd   0.000000 , belongs to planar rings:           no , in 3 member rings no , in 4 member rings no , neighbours C4_205,H41_216,H42_217
  C5_207 atomic number    6 , neighbours formula          C2H , is planar          PLANAR , planarity esd   0.000000 , belongs to planar rings:           10 , in 3 member rings no , in 4 member rings no , neighbours C4_205,C6_208,H5_218
  C6_208 atomic number    6 , neighbours formula          CHN , is planar          PLANAR , planarity esd   0.000000 , belongs to planar rings:           10 , in 3 member rings no , in 4 member rings no , neighbours N1_201,C5_207,H6_219
 H5'_209 atomic number    1 , neighbours formula            C , is planar   ANY_PLANARITY , planarity esd   0.000000 , belongs to planar rings:           no , in 3 member rings no , in 4 member rings no , neighbours C5'_194
H5''_210 atomic number    1 , neighbours formula            C , is planar   ANY_PLANARITY , planarity esd   0.000000 , belongs to planar rings:           no , in 3 member rings no , in 4 member rings no , neighbours C5'_194
 H4'_211 atomic number    1 , neighbours formula            C , is planar   ANY_PLANARITY , planarity esd   0.000000 , belongs to planar rings:           no , in 3 member rings no , in 4 member rings no , neighbours C4'_195
 H3'_212 atomic number    1 , neighbours formula            C , is planar   ANY_PLANARITY , planarity esd   0.000000 , belongs to planar rings:           no , in 3 member rings no , in 4 member rings no , neighbours C3'_197
 H2'_213 atomic number    1 , neighbours formula            C , is planar   ANY_PLANARITY , planarity esd   0.000000 , belongs to planar rings:           no , in 3 member rings no , in 4 member rings no , neighbours C2'_199
H2''_214 atomic number    1 , neighbours formula            C , is planar   ANY_PLANARITY , planarity esd   0.000000 , belongs to planar rings:           no , in 3 member rings no , in 4 member rings no , neighbours C2'_199
 H1'_215 atomic number    1 , neighbours formula            C , is planar   ANY_PLANARITY , planarity esd   0.000000 , belongs to planar rings:           no , in 3 member rings no , in 4 member rings no , neighbours C1'_200
 H41_216 atomic number    1 , neighbours formula            N , is planar   ANY_PLANARITY , planarity esd   0.000000 , belongs to planar rings:           no , in 3 member rings no , in 4 member rings no , neighbours N4_206
 H42_217 atomic number    1 , neighbours formula            N , is planar   ANY_PLANARITY , planarity esd   0.000000 , belongs to planar rings:           no , in 3 member rings no , in 4 member rings no , neighbours N4_206
  H5_218 atomic number    1 , neighbours formula            C , is planar   ANY_PLANARITY , planarity esd   0.000000 , belongs to planar rings:           no , in 3 member rings no , in 4 member rings no , neighbours C5_207
  H6_219 atomic number    1 , neighbours formula            C , is planar   ANY_PLANARITY , planarity esd   0.000000 , belongs to planar rings:           no , in 3 member rings no , in 4 member rings no , neighbours C6_208
   P_220 atomic number   15 , neighbours formula           O4 , is planar      NOT_PLANAR , planarity esd   1.157895 , belongs to planar rings:           no , in 3 member rings no , in 4 member rings no , neighbours O3'_198,OP1_221,OP2_222,O5'_223
 OP1_221 atomic number    8 , neighbours formula            P , is planar   ANY_PLANARITY , planarity esd   0.000000 , belongs to planar rings:           no , in 3 member rings no , in 4 member rings no , neighbours P_220
 OP2_222 atomic number    8 , neighbours formula            P , is planar   ANY_PLANARITY , planarity esd   0.000000 , belongs to planar rings:           no , in 3 member rings no , in 4 member rings no , neighbours P_220
 O5'_223 atomic number    8 , neighbours formula           CP , is planar   ANY_PLANARITY , planarity esd   0.000000 , belongs to planar rings:           no , in 3 member rings no , in 4 member rings no , neighbours P_220,C5'_224
 C5'_224 atomic number    6 , neighbours formula         CH2O , is planar      NOT_PLANAR , planarity esd   0.826358 , belongs to planar rings:           no , in 3 member rings no , in 4 member rings no , neighbours O5'_223,C4'_225,H5'_239,H5''_240
 C4'_225 atomic number    6 , neighbours formula         C2HO , is planar      NOT_PLANAR , planarity esd   0.928988 , belongs to planar rings:           no , in 3 member rings no , in 4 member rings no , neighbours C5'_224,O4'_226,C3'_227,H4'_241
 O4'_226 atomic number    8 , neighbours formula           C2 , is planar   ANY_PLANARITY , planarity esd   0.000000 , belongs to planar rings:           no , in 3 member rings no , in 4 member rings no , neighbours C4'_225,C1'_230
 C3'_227 atomic number    6 , neighbours formula         C2HO , is planar      NOT_PLANAR , planarity esd   0.930291 , belongs to planar rings:           no , in 3 member rings no , in 4 member rings no , neighbours C4'_225,O3'_228,C2'_229,H3'_242
 O3'_228 atomic number    8 , neighbours formula           CP , is planar   ANY_PLANARITY , planarity esd   0.000000 , belongs to planar rings:           no , in 3 member rings no , in 4 member rings no , neighbours C3'_227,P_250
 C2'_229 atomic number    6 , neighbours formula         C2H2 , is planar      NOT_PLANAR , planarity esd   0.792544 , belongs to planar rings:           no , in 3 member rings no , in 4 member rings no , neighbours C3'_227,C1'_230,H2'_243,H2''_244
 C1'_230 atomic number    6 , neighbours formula         CHNO , is planar      NOT_PLANAR , planarity esd   0.919301 , belongs to planar rings:           no , in 3 member rings no , in 4 member rings no , neighbours O4'_226,C2'_229,N1_231,H1'_245
  N1_231 atomic number    7 , neighbours formula           C3 , is planar          PLANAR , planarity esd   0.085644 , belongs to planar rings:           11 , in 3 member rings no , in 4 member rings no , neighbours C1'_230,C2_232,C6_238
  C2_232 atomic number    6 , neighbours formula          N2O , is planar          PLANAR , planarity esd   0.009612 , belongs to planar rings:           11 , in 3 member rings no , in 4 member rings no , neighbours N1_231,O2_233,N3_234
  O2_233 atomic number    8 , neighbours formula            C , is planar   ANY_PLANARITY , planarity esd   0.000000 , belongs to planar rings:           no , in 3 member rings no , in 4 member rings no , neighbours C2_232
  N3_234 atomic number    7 , neighbours formula           C2 , is planar   ANY_PLANARITY , planarity esd   0.000000 , belongs to planar rings:           11 , in 3 member rings no , in 4 member rings no , neighbours C2_232,C4_235
  C4_235 atomic number    6 , neighbours formula          CN2 , is planar          PLANAR , planarity esd   0.004423 , belongs to planar rings:           11 , in 3 member rings no , in 4 member rings no , neighbours N3_234,N4_236,C5_237
  N4_236 atomic number    7 , neighbours formula          CH2 , is planar          PLANAR , planarity esd   0.000000 , belongs to planar rings:           no , in 3 member rings no , in 4 member rings no , neighbours C4_235,H41_246,H42_247
  C5_237 atomic number    6 , neighbours formula          C2H , is planar          PLANAR , planarity esd   0.000000 , belongs to planar rings:           11 , in 3 member rings no , in 4 member rings no , neighbours C4_235,C6_238,H5_248
  C6_238 atomic number    6 , neighbours formula          CHN , is planar          PLANAR , planarity esd   0.000000 , belongs to planar rings:           11 , in 3 member rings no , in 4 member rings no , neighbours N1_231,C5_237,H6_249
 H5'_239 atomic number    1 , neighbours formula            C , is planar   ANY_PLANARITY , planarity esd   0.000000 , belongs to planar rings:           no , in 3 member rings no , in 4 member rings no , neighbours C5'_224
H5''_240 atomic number    1 , neighbours formula            C , is planar   ANY_PLANARITY , planarity esd   0.000000 , belongs to planar rings:           no , in 3 member rings no , in 4 member rings no , neighbours C5'_224
 H4'_241 atomic number    1 , neighbours formula            C , is planar   ANY_PLANARITY , planarity esd   0.000000 , belongs to planar rings:           no , in 3 member rings no , in 4 member rings no , neighbours C4'_225
 H3'_242 atomic number    1 , neighbours formula            C , is planar   ANY_PLANARITY , planarity esd   0.000000 , belongs to planar rings:           no , in 3 member rings no , in 4 member rings no , neighbours C3'_227
 H2'_243 atomic number    1 , neighbours formula            C , is planar   ANY_PLANARITY , planarity esd   0.000000 , belongs to planar rings:           no , in 3 member rings no , in 4 member rings no , neighbours C2'_229
H2''_244 atomic number    1 , neighbours formula            C , is planar   ANY_PLANARITY , planarity esd   0.000000 , belongs to planar rings:           no , in 3 member rings no , in 4 member rings no , neighbours C2'_229
 H1'_245 atomic number    1 , neighbours formula            C , is planar   ANY_PLANARITY , planarity esd   0.000000 , belongs to planar rings:           no , in 3 member rings no , in 4 member rings no , neighbours C1'_230
 H41_246 atomic number    1 , neighbours formula            N , is planar   ANY_PLANARITY , planarity esd   0.000000 , belongs to planar rings:           no , in 3 member rings no , in 4 member rings no , neighbours N4_236
 H42_247 atomic number    1 , neighbours formula            N , is planar   ANY_PLANARITY , planarity esd   0.000000 , belongs to planar rings:           no , in 3 member rings no , in 4 member rings no , neighbours N4_236
  H5_248 atomic number    1 , neighbours formula            C , is planar   ANY_PLANARITY , planarity esd   0.000000 , belongs to planar rings:           no , in 3 member rings no , in 4 member rings no , neighbours C5_237
  H6_249 atomic number    1 , neighbours formula            C , is planar   ANY_PLANARITY , planarity esd   0.000000 , belongs to planar rings:           no , in 3 member rings no , in 4 member rings no , neighbours C6_238
   P_250 atomic number   15 , neighbours formula           O4 , is planar      NOT_PLANAR , planarity esd   1.165595 , belongs to planar rings:           no , in 3 member rings no , in 4 member rings no , neighbours O3'_228,OP1_251,OP2_252,O5'_253
 OP1_251 atomic number    8 , neighbours formula            P , is planar   ANY_PLANARITY , planarity esd   0.000000 , belongs to planar rings:           no , in 3 member rings no , in 4 member rings no , neighbours P_250
 OP2_252 atomic number    8 , neighbours formula            P , is planar   ANY_PLANARITY , planarity esd   0.000000 , belongs to planar rings:           no , in 3 member rings no , in 4 member rings no , neighbours P_250
 O5'_253 atomic number    8 , neighbours formula           CP , is planar   ANY_PLANARITY , planarity esd   0.000000 , belongs to planar rings:           no , in 3 member rings no , in 4 member rings no , neighbours P_250,C5'_254
 C5'_254 atomic number    6 , neighbours formula         CH2O , is planar      NOT_PLANAR , planarity esd   0.792194 , belongs to planar rings:           no , in 3 member rings no , in 4 member rings no , neighbours O5'_253,C4'_255,H5'_272,H5''_273
 C4'_255 atomic number    6 , neighbours formula         C2HO , is planar      NOT_PLANAR , planarity esd   0.907551 , belongs to planar rings:           no , in 3 member rings no , in 4 member rings no , neighbours C5'_254,O4'_256,C3'_257,H4'_274
 O4'_256 atomic number    8 , neighbours formula           C2 , is planar   ANY_PLANARITY , planarity esd   0.000000 , belongs to planar rings:           no , in 3 member rings no , in 4 member rings no , neighbours C4'_255,C1'_260
 C3'_257 atomic number    6 , neighbours formula         C2HO , is planar      NOT_PLANAR , planarity esd   0.940848 , belongs to planar rings:           no , in 3 member rings no , in 4 member rings no , neighbours C4'_255,O3'_258,C2'_259,H3'_275
 O3'_258 atomic number    8 , neighbours formula           CP , is planar   ANY_PLANARITY , planarity esd   0.000000 , belongs to planar rings:           no , in 3 member rings no , in 4 member rings no , neighbours C3'_257,P_283
 C2'_259 atomic number    6 , neighbours formula         C2H2 , is planar      NOT_PLANAR , planarity esd   0.804801 , belongs to planar rings:           no , in 3 member rings no , in 4 member rings no , neighbours C3'_257,C1'_260,H2'_276,H2''_277
 C1'_260 atomic number    6 , neighbours formula         CHNO , is planar      NOT_PLANAR , planarity esd   0.919292 , belongs to planar rings:           no , in 3 member rings no , in 4 member rings no , neighbours O4'_256,C2'_259,N9_261,H1'_278
  N9_261 atomic number    7 , neighbours formula           C3 , is planar      NOT_PLANAR , planarity esd   0.138820 , belongs to planar rings:           no , in 3 member rings no , in 4 member rings no , neighbours C1'_260,C8_262,C4_271
  C8_262 atomic number    6 , neighbours formula          HN2 , is planar          PLANAR , planarity esd   0.000000 , belongs to planar rings:           no , in 3 member rings no , in 4 member rings no , neighbours N9_261,N7_263,H8_279
  N7_263 atomic number    7 , neighbours formula           C2 , is planar   ANY_PLANARITY , planarity esd   0.000000 , belongs to planar rings:           no , in 3 member rings no , in 4 member rings no , neighbours C8_262,C5_264
  C5_264 atomic number    6 , neighbours formula          C2N , is planar          PLANAR , planarity esd   0.047263 , belongs to planar rings:           12 , in 3 member rings no , in 4 member rings no , neighbours N7_263,C6_265,C4_271
  C6_265 atomic number    6 , neighbours formula          CNO , is planar          PLANAR , planarity esd   0.001033 , belongs to planar rings:           12 , in 3 member rings no , in 4 member rings no , neighbours C5_264,O6_266,N1_267
  O6_266 atomic number    8 , neighbours formula            C , is planar   ANY_PLANARITY , planarity esd   0.000000 , belongs to planar rings:           no , in 3 member rings no , in 4 member rings no , neighbours C6_265
  N1_267 atomic number    7 , neighbours formula          C2H , is planar          PLANAR , planarity esd   0.000000 , belongs to planar rings:           12 , in 3 member rings no , in 4 member rings no , neighbours C6_265,C2_268,H1_280
  C2_268 atomic number    6 , neighbours formula           N3 , is planar          PLANAR , planarity esd   0.001260 , belongs to planar rings:           12 , in 3 member rings no , in 4 member rings no , neighbours N1_267,N2_269,N3_270
  N2_269 atomic number    7 , neighbours formula          CH2 , is planar          PLANAR , planarity esd   0.000000 , belongs to planar rings:           no , in 3 member rings no , in 4 member rings no , neighbours C2_268,H21_281,H22_282
  N3_270 atomic number    7 , neighbours formula           C2 , is planar   ANY_PLANARITY , planarity esd   0.000000 , belongs to planar rings:           12 , in 3 member rings no , in 4 member rings no , neighbours C2_268,C4_271
  C4_271 atomic number    6 , neighbours formula          CN2 , is planar          PLANAR , planarity esd   0.004592 , belongs to planar rings:           12 , in 3 member rings no , in 4 member rings no , neighbours N9_261,C5_264,N3_270
 H5'_272 atomic number    1 , neighbours formula            C , is planar   ANY_PLANARITY , planarity esd   0.000000 , belongs to planar rings:           no , in 3 member rings no , in 4 member rings no , neighbours C5'_254
H5''_273 atomic number    1 , neighbours formula            C , is planar   ANY_PLANARITY , planarity esd   0.000000 , belongs to planar rings:           no , in 3 member rings no , in 4 member rings no , neighbours C5'_254
 H4'_274 atomic number    1 , neighbours formula            C , is planar   ANY_PLANARITY , planarity esd   0.000000 , belongs to planar rings:           no , in 3 member rings no , in 4 member rings no , neighbours C4'_255
 H3'_275 atomic number    1 , neighbours formula            C , is planar   ANY_PLANARITY , planarity esd   0.000000 , belongs to planar rings:           no , in 3 member rings no , in 4 member rings no , neighbours C3'_257
 H2'_276 atomic number    1 , neighbours formula            C , is planar   ANY_PLANARITY , planarity esd   0.000000 , belongs to planar rings:           no , in 3 member rings no , in 4 member rings no , neighbours C2'_259
H2''_277 atomic number    1 , neighbours formula            C , is planar   ANY_PLANARITY , planarity esd   0.000000 , belongs to planar rings:           no , in 3 member rings no , in 4 member rings no , neighbours C2'_259
 H1'_278 atomic number    1 , neighbours formula            C , is planar   ANY_PLANARITY , planarity esd   0.000000 , belongs to planar rings:           no , in 3 member rings no , in 4 member rings no , neighbours C1'_260
  H8_279 atomic number    1 , neighbours formula            C , is planar   ANY_PLANARITY , planarity esd   0.000000 , belongs to planar rings:           no , in 3 member rings no , in 4 member rings no , neighbours C8_262
  H1_280 atomic number    1 , neighbours formula            N , is planar   ANY_PLANARITY , planarity esd   0.000000 , belongs to planar rings:           no , in 3 member rings no , in 4 member rings no , neighbours N1_267
 H21_281 atomic number    1 , neighbours formula            N , is planar   ANY_PLANARITY , planarity esd   0.000000 , belongs to planar rings:           no , in 3 member rings no , in 4 member rings no , neighbours N2_269
 H22_282 atomic number    1 , neighbours formula            N , is planar   ANY_PLANARITY , planarity esd   0.000000 , belongs to planar rings:           no , in 3 member rings no , in 4 member rings no , neighbours N2_269
   P_283 atomic number   15 , neighbours formula           O4 , is planar      NOT_PLANAR , planarity esd   1.101526 , belongs to planar rings:           no , in 3 member rings no , in 4 member rings no , neighbours O3'_258,OP1_284,OP2_285,O5'_286
 OP1_284 atomic number    8 , neighbours formula            P , is planar   ANY_PLANARITY , planarity esd   0.000000 , belongs to planar rings:           no , in 3 member rings no , in 4 member rings no , neighbours P_283
 OP2_285 atomic number    8 , neighbours formula            P , is planar   ANY_PLANARITY , planarity esd   0.000000 , belongs to planar rings:           no , in 3 member rings no , in 4 member rings no , neighbours P_283
 O5'_286 atomic number    8 , neighbours formula           CP , is planar   ANY_PLANARITY , planarity esd   0.000000 , belongs to planar rings:           no , in 3 member rings no , in 4 member rings no , neighbours P_283,C5'_287
 C5'_287 atomic number    6 , neighbours formula         CH2O , is planar      NOT_PLANAR , planarity esd   0.810339 , belongs to planar rings:           no , in 3 member rings no , in 4 member rings no , neighbours O5'_286,C4'_288,H5'_302,H5''_303
 C4'_288 atomic number    6 , neighbours formula         C2HO , is planar      NOT_PLANAR , planarity esd   0.937475 , belongs to planar rings:           no , in 3 member rings no , in 4 member rings no , neighbours C5'_287,O4'_289,C3'_290,H4'_304
 O4'_289 atomic number    8 , neighbours formula           C2 , is planar   ANY_PLANARITY , planarity esd   0.000000 , belongs to planar rings:           no , in 3 member rings no , in 4 member rings no , neighbours C4'_288,C1'_293
 C3'_290 atomic number    6 , neighbours formula         C2HO , is planar      NOT_PLANAR , planarity esd   0.886119 , belongs to planar rings:           no , in 3 member rings no , in 4 member rings no , neighbours C4'_288,O3'_291,C2'_292,H3'_305
 O3'_291 atomic number    8 , neighbours formula           CH , is planar   ANY_PLANARITY , planarity esd   0.000000 , belongs to planar rings:           no , in 3 member rings no , in 4 member rings no , neighbours C3'_290,HO3'_306
 C2'_292 atomic number    6 , neighbours formula         C2H2 , is planar      NOT_PLANAR , planarity esd   0.801945 , belongs to planar rings:           no , in 3 member rings no , in 4 member rings no , neighbours C3'_290,C1'_293,H2'_307,H2''_308
 C1'_293 atomic number    6 , neighbours formula         CHNO , is planar      NOT_PLANAR , planarity esd   0.909849 , belongs to planar rings:           no , in 3 member rings no , in 4 member rings no , neighbours O4'_289,C2'_292,N1_294,H1'_309
  N1_294 atomic number    7 , neighbours formula           C3 , is planar          PLANAR , planarity esd   0.022585 , belongs to planar rings:           13 , in 3 member rings no , in 4 member rings no , neighbours C1'_293,C2_295,C6_301
  C2_295 atomic number    6 , neighbours formula          N2O , is planar          PLANAR , planarity esd   0.000541 , belongs to planar rings:           13 , in 3 member rings no , in 4 member rings no , neighbours N1_294,O2_296,N3_297
  O2_296 atomic number    8 , neighbours formula            C , is planar   ANY_PLANARITY , planarity esd   0.000000 , belongs to planar rings:           no , in 3 member rings no , in 4 member rings no , neighbours C2_295
  N3_297 atomic number    7 , neighbours formula           C2 , is planar   ANY_PLANARITY , planarity esd   0.000000 , belongs to planar rings:           13 , in 3 member rings no , in 4 member rings no , neighbours C2_295,C4_298
  C4_298 atomic number    6 , neighbours formula          CN2 , is planar          PLANAR , planarity esd   0.007543 , belongs to planar rings:           13 , in 3 member rings no , in 4 member rings no , neighbours N3_297,N4_299,C5_300
  N4_299 atomic number    7 , neighbours formula          CH2 , is planar          PLANAR , planarity esd   0.000000 , belongs to planar rings:           no , in 3 member rings no , in 4 member rings no , neighbours C4_298,H41_310,H42_311
  C5_300 atomic number    6 , neighbours formula          C2H , is planar          PLANAR , planarity esd   0.000000 , belongs to planar rings:           13 , in 3 member rings no , in 4 member rings no , neighbours C4_298,C6_301,H5_312
  C6_301 atomic number    6 , neighbours formula          CHN , is planar          PLANAR , planarity esd   0.000000 , belongs to planar rings:           13 , in 3 member rings no , in 4 member rings no , neighbours N1_294,C5_300,H6_313
 H5'_302 atomic number    1 , neighbours formula            C , is planar   ANY_PLANARITY , planarity esd   0.000000 , belongs to planar rings:           no , in 3 member rings no , in 4 member rings no , neighbours C5'_287
H5''_303 atomic number    1 , neighbours formula            C , is planar   ANY_PLANARITY , planarity esd   0.000000 , belongs to planar rings:           no , in 3 member rings no , in 4 member rings no , neighbours C5'_287
 H4'_304 atomic number    1 , neighbours formula            C , is planar   ANY_PLANARITY , planarity esd   0.000000 , belongs to planar rings:           no , in 3 member rings no , in 4 member rings no , neighbours C4'_288
 H3'_305 atomic number    1 , neighbours formula            C , is planar   ANY_PLANARITY , planarity esd   0.000000 , belongs to planar rings:           no , in 3 member rings no , in 4 member rings no , neighbours C3'_290
HO3'_306 atomic number    1 , neighbours formula            O , is planar   ANY_PLANARITY , planarity esd   0.000000 , belongs to planar rings:           no , in 3 member rings no , in 4 member rings no , neighbours O3'_291
 H2'_307 atomic number    1 , neighbours formula            C , is planar   ANY_PLANARITY , planarity esd   0.000000 , belongs to planar rings:           no , in 3 member rings no , in 4 member rings no , neighbours C2'_292
H2''_308 atomic number    1 , neighbours formula            C , is planar   ANY_PLANARITY , planarity esd   0.000000 , belongs to planar rings:           no , in 3 member rings no , in 4 member rings no , neighbours C2'_292
 H1'_309 atomic number    1 , neighbours formula            C , is planar   ANY_PLANARITY , planarity esd   0.000000 , belongs to planar rings:           no , in 3 member rings no , in 4 member rings no , neighbours C1'_293
 H41_310 atomic number    1 , neighbours formula            N , is planar   ANY_PLANARITY , planarity esd   0.000000 , belongs to planar rings:           no , in 3 member rings no , in 4 member rings no , neighbours N4_299
 H42_311 atomic number    1 , neighbours formula            N , is planar   ANY_PLANARITY , planarity esd   0.000000 , belongs to planar rings:           no , in 3 member rings no , in 4 member rings no , neighbours N4_299
  H5_312 atomic number    1 , neighbours formula            C , is planar   ANY_PLANARITY , planarity esd   0.000000 , belongs to planar rings:           no , in 3 member rings no , in 4 member rings no , neighbours C5_300
  H6_313 atomic number    1 , neighbours formula            C , is planar   ANY_PLANARITY , planarity esd   0.000000 , belongs to planar rings:           no , in 3 member rings no , in 4 member rings no , neighbours C6_301


################################################################################

     (2) Atom Type Assignemnt

################################################################################

   O5'_1    O       - 
   C5'_2    C       - 
   C4'_3    C    C430 X O4'_4 Y H4'_22
   O4'_4    O   O207a Z average_direction(C4'_3,C1'_8) X C4'_3
   C3'_5    C    C430 X O3'_6 Y H3'_23
   O3'_6    O    O209 X C3'_5 Y P_31
   C2'_7    C   C404a Z average_direction(C1'_8,C3'_5) X H2''_25
   C1'_8    C   C450a X O4'_4 Y N9_9
    N9_9    N   N323b X average_position(N9_9,C8_10,N7_11,C5_12,C4_19) Y C8_10
   C8_10    C    C361 X average_position(N9_9,C8_10,N7_11,C5_12,C4_19) Y N7_11
   N7_11    N    N211 X average_position(N9_9,C8_10,N7_11,C5_12,C4_19) Y C8_10
   C5_12    C    C503 X C4_19 Y C6_13
   C6_13    C   C382b X average_position(C5_12,C6_13,N1_15,C2_16,N3_18,C4_19) Y N1_15
   O6_14    O   O1062 X C6_13 Y N1_15
   N1_15    N    N320 X average_position(C5_12,C6_13,N1_15,C2_16,N3_18,C4_19) Y C2_16
   C2_16    C    C370 X average_position(C5_12,C6_13,N1_15,C2_16,N3_18,C4_19) Y N3_18
   N2_17    N    N310 Z C2_16 X H21_29
   N3_18    N    N210 X average_position(C5_12,C6_13,N1_15,C2_16,N3_18,C4_19) Y C2_16
   C4_19    C   C505a X C5_12 Y N3_18
  H5'_20    H    H102 Z C5'_2 X O5'_1
 H5''_21    H    H102 Z C5'_2 X O5'_1
  H4'_22    H   H1033 Z C4'_3 X C3'_5
  H3'_23    H   H1033 Z C3'_5 X C4'_3
  H2'_24    H    H102 Z C2'_7 X C1'_8
 H2''_25    H    H102 Z C2'_7 X C1'_8
  H1'_26    H   H1032 Z C1'_8 X C2'_7
   H8_27    H    H104 Z C8_10 X N7_11
   H1_28    H    H109 Z N1_15 X C2_16
  H21_29    H    H107 Z N2_17 X C2_16
  H22_30    H    H107 Z N2_17 X C2_16
    P_31    P    P407 Z average_direction(OP2_33,OP1_32) X O3'_6
  OP1_32    O    O120 X P_31 Y OP2_33
  OP2_33    O    O120 X P_31 Y OP1_32
  O5'_34    O    O209 X C5'_35 Y P_31
  C5'_35    C    C429 X O5'_34 Y C4'_36
  C4'_36    C    C430 X O4'_37 Y H4'_52
  O4'_37    O   O207a Z average_direction(C4'_36,C1'_41) X C4'_36
  C3'_38    C    C430 X O3'_39 Y H3'_53
  O3'_39    O    O209 X C3'_38 Y P_61
  C2'_40    C   C404a Z average_direction(C1'_41,C3'_38) X H2''_55
  C1'_41    C   C450a X O4'_37 Y N1_42
   N1_42    N   N322b X average_position(N1_42,C2_43,N3_45,C4_46,C5_48,C6_49) Y C6_49
   C2_43    C   C378a X average_position(N1_42,C2_43,N3_45,C4_46,C5_48,C6_49) Y N3_45
   O2_44    O   O109a X C2_43 Y N1_42
   N3_45    N    N210 X average_position(N1_42,C2_43,N3_45,C4_46,C5_48,C6_49) Y C4_46
   C4_46    C    C373 X average_position(N1_42,C2_43,N3_45,C4_46,C5_48,C6_49) Y N3_45
   N4_47    N    N310 Z C4_46 X H41_57
   C5_48    C    C330 X average_position(N1_42,C2_43,N3_45,C4_46,C5_48,C6_49) Y C6_49
   C6_49    C   C352c X average_position(N1_42,C2_43,N3_45,C4_46,C5_48,C6_49) Y N1_42
  H5'_50    H    H102 Z C5'_35 X O5'_34
 H5''_51    H    H102 Z C5'_35 X O5'_34
  H4'_52    H   H1033 Z C4'_36 X C3'_38
  H3'_53    H   H1033 Z C3'_38 X C2'_40
  H2'_54    H    H102 Z C2'_40 X C3'_38
 H2''_55    H    H102 Z C2'_40 X C3'_38
  H1'_56    H   H1032 Z C1'_41 X C2'_40
  H41_57    H    H107 Z N4_47 X C4_46
  H42_58    H    H107 Z N4_47 X C4_46
   H5_59    H    H104 Z C5_48 X C6_49
   H6_60    H    H104 Z C6_49 X N1_42
    P_61    P    P407 Z average_direction(OP2_63,OP1_62) X O3'_39
  OP1_62    O    O120 X P_61 Y OP2_63
  OP2_63    O    O120 X P_61 Y OP1_62
  O5'_64    O    O209 X C5'_65 Y P_61
  C5'_65    C    C429 X O5'_64 Y C4'_66
  C4'_66    C    C430 X O4'_67 Y H4'_85
  O4'_67    O   O207a Z average_direction(C4'_66,C1'_71) X C4'_66
  C3'_68    C    C430 X O3'_69 Y H3'_86
  O3'_69    O    O209 X C3'_68 Y P_94
  C2'_70    C   C404a Z average_direction(C1'_71,C3'_68) X H2'_87
  C1'_71    C   C450b X O4'_67 Y N9_72
   N9_72    N   N306b X average_direction(C4_82,C8_73) Y C1'_71
   C8_73    C       - 
   N7_74    N    N204 X C8_73 Y C5_75
   C5_75    C    C708 X average_position(C5_75,C6_76,N1_78,C2_79,N3_81,C4_82) Y C4_82
   C6_76    C   C382b X average_position(C5_75,C6_76,N1_78,C2_79,N3_81,C4_82) Y N1_78
   O6_77    O   O1062 X C6_76 Y N1_78
   N1_78    N    N320 X average_position(C5_75,C6_76,N1_78,C2_79,N3_81,C4_82) Y C6_76
   C2_79    C    C370 X average_position(C5_75,C6_76,N1_78,C2_79,N3_81,C4_82) Y N3_81
   N2_80    N    N310 Z C2_79 X H22_93
   N3_81    N    N210 X average_position(C5_75,C6_76,N1_78,C2_79,N3_81,C4_82) Y C2_79
   C4_82    C       - 
  H5'_83    H    H102 Z C5'_65 X O5'_64
 H5''_84    H    H102 Z C5'_65 X O5'_64
  H4'_85    H   H1033 Z C4'_66 X C5'_65
  H3'_86    H   H1033 Z C3'_68 X C4'_66
  H2'_87    H    H102 Z C2'_70 X C3'_68
 H2''_88    H    H102 Z C2'_70 X C3'_68
  H1'_89    H   H1032 Z C1'_71 X C2'_70
   H8_90    H    H104 Z C8_73 X N7_74
   H1_91    H    H109 Z N1_78 X C6_76
  H21_92    H    H107 Z N2_80 X C2_79
  H22_93    H    H107 Z N2_80 X C2_79
    P_94    P    P407 Z average_direction(OP2_96,OP1_95) X O3'_69
  OP1_95    O    O120 X P_94 Y OP2_96
  OP2_96    O    O120 X P_94 Y OP1_95
  O5'_97    O    O209 X C5'_98 Y P_94
  C5'_98    C    C429 X O5'_97 Y C4'_99
  C4'_99    C    C430 X O4'_100 Y H4'_118
 O4'_100    O   O207a Z average_direction(C4'_99,C1'_104) X C4'_99
 C3'_101    C    C430 X O3'_102 Y H3'_119
 O3'_102    O    O209 X C3'_101 Y P_127
 C2'_103    C   C404a Z average_direction(C1'_104,C3'_101) X H2'_120
 C1'_104    C   C450a X O4'_100 Y N9_105
  N9_105    N   N323b X average_position(N9_105,C8_106,N7_107,C5_108,C4_115) Y C8_106
  C8_106    C    C361 X average_position(N9_105,C8_106,N7_107,C5_108,C4_115) Y N7_107
  N7_107    N    N211 X average_position(N9_105,C8_106,N7_107,C5_108,C4_115) Y C8_106
  C5_108    C    C503 X C4_115 Y C6_109
  C6_109    C   C382b X average_position(C5_108,C6_109,N1_111,C2_112,N3_114,C4_115) Y N1_111
  O6_110    O   O1062 X C6_109 Y N1_111
  N1_111    N    N320 X average_position(C5_108,C6_109,N1_111,C2_112,N3_114,C4_115) Y C2_112
  C2_112    C    C370 X average_position(C5_108,C6_109,N1_111,C2_112,N3_114,C4_115) Y N3_114
  N2_113    N    N310 Z C2_112 X H21_125
  N3_114    N    N210 X average_position(C5_108,C6_109,N1_111,C2_112,N3_114,C4_115) Y C2_112
  C4_115    C   C505a X C5_108 Y N3_114
 H5'_116    H    H102 Z C5'_98 X O5'_97
H5''_117    H    H102 Z C5'_98 X O5'_97
 H4'_118    H   H1033 Z C4'_99 X C5'_98
 H3'_119    H   H1033 Z C3'_101 X C2'_103
 H2'_120    H    H102 Z C2'_103 X C3'_101
H2''_121    H    H102 Z C2'_103 X C3'_101
 H1'_122    H   H1032 Z C1'_104 X C2'_103
  H8_123    H    H104 Z C8_106 X N7_107
  H1_124    H    H109 Z N1_111 X C2_112
 H21_125    H    H107 Z N2_113 X C2_112
 H22_126    H    H107 Z N2_113 X C2_112
   P_127    P    P407 Z average_direction(OP2_129,OP1_128) X O5'_130
 OP1_128    O    O120 X P_127 Y OP2_129
 OP2_129    O    O120 X P_127 Y OP1_128
 O5'_130    O    O209 X C5'_131 Y P_127
 C5'_131    C    C429 X O5'_130 Y C4'_132
 C4'_132    C    C430 X O4'_133 Y H4'_151
 O4'_133    O   O207a Z average_direction(C1'_137,C4'_132) X C1'_137
 C3'_134    C    C430 X O3'_135 Y H3'_152
 O3'_135    O    O209 X C3'_134 Y P_160
 C2'_136    C   C404a Z average_direction(C1'_137,C3'_134) X H2''_154
 C1'_137    C   C450a X O4'_133 Y N9_138
  N9_138    N   N323b X average_position(N9_138,C8_139,N7_140,C5_141,C4_148) Y C8_139
  C8_139    C    C361 X average_position(N9_138,C8_139,N7_140,C5_141,C4_148) Y N7_140
  N7_140    N    N211 X average_position(N9_138,C8_139,N7_140,C5_141,C4_148) Y C8_139
  C5_141    C    C503 X C4_148 Y C6_142
  C6_142    C   C382b X average_position(C5_141,C6_142,N1_144,C2_145,N3_147,C4_148) Y N1_144
  O6_143    O   O1062 X C6_142 Y N1_144
  N1_144    N    N320 X average_position(C5_141,C6_142,N1_144,C2_145,N3_147,C4_148) Y C6_142
  C2_145    C    C370 X average_position(C5_141,C6_142,N1_144,C2_145,N3_147,C4_148) Y N3_147
  N2_146    N    N310 Z C2_145 X H22_159
  N3_147    N    N210 X average_position(C5_141,C6_142,N1_144,C2_145,N3_147,C4_148) Y C2_145
  C4_148    C   C505a X C5_141 Y N3_147
 H5'_149    H    H102 Z C5'_131 X O5'_130
H5''_150    H    H102 Z C5'_131 X O5'_130
 H4'_151    H   H1033 Z C4'_132 X C5'_131
 H3'_152    H   H1033 Z C3'_134 X C2'_136
 H2'_153    H    H102 Z C2'_136 X C3'_134
H2''_154    H    H102 Z C2'_136 X C3'_134
 H1'_155    H   H1032 Z C1'_137 X C2'_136
  H8_156    H    H104 Z C8_139 X N7_140
  H1_157    H    H109 Z N1_144 X C6_142
 H21_158    H    H107 Z N2_146 X C2_145
 H22_159    H    H107 Z N2_146 X C2_145
   P_160    P    P407 Z average_direction(OP2_162,OP1_161) X O3'_135
 OP1_161    O    O120 X P_160 Y OP2_162
 OP2_162    O    O120 X P_160 Y OP1_161
 O5'_163    O    O209 X C5'_164 Y P_160
 C5'_164    C    C429 X O5'_163 Y C4'_165
 C4'_165    C    C430 X O4'_166 Y H4'_181
 O4'_166    O   O207a Z average_direction(C1'_170,C4'_165) X C1'_170
 C3'_167    C    C430 X O3'_168 Y H3'_182
 O3'_168    O    O209 X C3'_167 Y P_190
 C2'_169    C   C404a Z average_direction(C1'_170,C3'_167) X H2'_183
 C1'_170    C   C450a X O4'_166 Y N1_171
  N1_171    N   N322b X average_position(N1_171,C2_172,N3_174,C4_175,C5_177,C6_178) Y C6_178
  C2_172    C   C378a X average_position(N1_171,C2_172,N3_174,C4_175,C5_177,C6_178) Y N3_174
  O2_173    O   O109a X C2_172 Y N3_174
  N3_174    N    N210 X average_position(N1_171,C2_172,N3_174,C4_175,C5_177,C6_178) Y C4_175
  C4_175    C    C373 X average_position(N1_171,C2_172,N3_174,C4_175,C5_177,C6_178) Y N3_174
  N4_176    N    N310 Z C4_175 X H42_187
  C5_177    C    C330 X average_position(N1_171,C2_172,N3_174,C4_175,C5_177,C6_178) Y C6_178
  C6_178    C   C352c X average_position(N1_171,C2_172,N3_174,C4_175,C5_177,C6_178) Y N1_171
 H5'_179    H    H102 Z C5'_164 X O5'_163
H5''_180    H    H102 Z C5'_164 X O5'_163
 H4'_181    H   H1033 Z C4'_165 X C3'_167
 H3'_182    H   H1033 Z C3'_167 X C4'_165
 H2'_183    H    H102 Z C2'_169 X C3'_167
H2''_184    H    H102 Z C2'_169 X C3'_167
 H1'_185    H   H1032 Z C1'_170 X C2'_169
 H41_186    H    H107 Z N4_176 X C4_175
 H42_187    H    H107 Z N4_176 X C4_175
  H5_188    H    H104 Z C5_177 X C6_178
  H6_189    H    H104 Z C6_178 X N1_171
   P_190    P    P407 Z average_direction(OP2_192,OP1_191) X O3'_168
 OP1_191    O    O120 X P_190 Y OP2_192
 OP2_192    O    O120 X P_190 Y OP1_191
 O5'_193    O    O209 X C5'_194 Y P_190
 C5'_194    C    C429 X O5'_193 Y C4'_195
 C4'_195    C    C430 X O4'_196 Y H4'_211
 O4'_196    O   O207a Z average_direction(C4'_195,C1'_200) X C4'_195
 C3'_197    C    C430 X O3'_198 Y H3'_212
 O3'_198    O    O209 X C3'_197 Y P_220
 C2'_199    C   C404a Z average_direction(C1'_200,C3'_197) X H2'_213
 C1'_200    C   C450a X O4'_196 Y N1_201
  N1_201    N   N322b X average_position(N1_201,C2_202,N3_204,C4_205,C5_207,C6_208) Y C6_208
  C2_202    C   C378a X average_position(N1_201,C2_202,N3_204,C4_205,C5_207,C6_208) Y N3_204
  O2_203    O   O109a X C2_202 Y N3_204
  N3_204    N    N210 X average_position(N1_201,C2_202,N3_204,C4_205,C5_207,C6_208) Y C4_205
  C4_205    C    C373 X average_position(N1_201,C2_202,N3_204,C4_205,C5_207,C6_208) Y N3_204
  N4_206    N    N310 Z C4_205 X H42_217
  C5_207    C    C330 X average_position(N1_201,C2_202,N3_204,C4_205,C5_207,C6_208) Y C6_208
  C6_208    C   C352c X average_position(N1_201,C2_202,N3_204,C4_205,C5_207,C6_208) Y N1_201
 H5'_209    H    H102 Z C5'_194 X O5'_193
H5''_210    H    H102 Z C5'_194 X O5'_193
 H4'_211    H   H1033 Z C4'_195 X C3'_197
 H3'_212    H   H1033 Z C3'_197 X C2'_199
 H2'_213    H    H102 Z C2'_199 X C3'_197
H2''_214    H    H102 Z C2'_199 X C3'_197
 H1'_215    H   H1032 Z C1'_200 X C2'_199
 H41_216    H    H107 Z N4_206 X C4_205
 H42_217    H    H107 Z N4_206 X C4_205
  H5_218    H    H104 Z C5_207 X C6_208
  H6_219    H    H104 Z C6_208 X N1_201
   P_220    P    P407 Z average_direction(OP2_222,OP1_221) X O5'_223
 OP1_221    O    O120 X P_220 Y OP2_222
 OP2_222    O    O120 X P_220 Y OP1_221
 O5'_223    O    O209 X C5'_224 Y P_220
 C5'_224    C    C429 X O5'_223 Y C4'_225
 C4'_225    C    C430 X O4'_226 Y H4'_241
 O4'_226    O   O207a Z average_direction(C1'_230,C4'_225) X C1'_230
 C3'_227    C    C430 X O3'_228 Y H3'_242
 O3'_228    O    O209 X C3'_227 Y P_250
 C2'_229    C   C404a Z average_direction(C1'_230,C3'_227) X H2''_244
 C1'_230    C   C450a X O4'_226 Y N1_231
  N1_231    N   N322b X average_position(N1_231,C2_232,N3_234,C4_235,C5_237,C6_238) Y C6_238
  C2_232    C   C378a X average_position(N1_231,C2_232,N3_234,C4_235,C5_237,C6_238) Y N3_234
  O2_233    O   O109a X C2_232 Y N3_234
  N3_234    N    N210 X average_position(N1_231,C2_232,N3_234,C4_235,C5_237,C6_238) Y C4_235
  C4_235    C    C373 X average_position(N1_231,C2_232,N3_234,C4_235,C5_237,C6_238) Y N3_234
  N4_236    N    N310 Z C4_235 X H41_246
  C5_237    C    C330 X average_position(N1_231,C2_232,N3_234,C4_235,C5_237,C6_238) Y C6_238
  C6_238    C   C352c X average_position(N1_231,C2_232,N3_234,C4_235,C5_237,C6_238) Y N1_231
 H5'_239    H    H102 Z C5'_224 X O5'_223
H5''_240    H    H102 Z C5'_224 X O5'_223
 H4'_241    H   H1033 Z C4'_225 X C5'_224
 H3'_242    H   H1033 Z C3'_227 X C2'_229
 H2'_243    H    H102 Z C2'_229 X C3'_227
H2''_244    H    H102 Z C2'_229 X C3'_227
 H1'_245    H   H1032 Z C1'_230 X C2'_229
 H41_246    H    H107 Z N4_236 X C4_235
 H42_247    H    H107 Z N4_236 X C4_235
  H5_248    H    H104 Z C5_237 X C6_238
  H6_249    H    H104 Z C6_238 X N1_231
   P_250    P    P407 Z average_direction(OP2_252,OP1_251) X O3'_228
 OP1_251    O    O120 X P_250 Y OP2_252
 OP2_252    O    O120 X P_250 Y OP1_251
 O5'_253    O    O209 X C5'_254 Y P_250
 C5'_254    C    C429 X O5'_253 Y C4'_255
 C4'_255    C    C430 X O4'_256 Y H4'_274
 O4'_256    O   O207a Z average_direction(C4'_255,C1'_260) X C4'_255
 C3'_257    C    C430 X O3'_258 Y H3'_275
 O3'_258    O    O209 X C3'_257 Y P_283
 C2'_259    C   C404a Z average_direction(C1'_260,C3'_257) X H2'_276
 C1'_260    C   C450b X O4'_256 Y N9_261
  N9_261    N   N306b X average_direction(C4_271,C8_262) Y C1'_260
  C8_262    C       - 
  N7_263    N    N204 X C8_262 Y C5_264
  C5_264    C    C708 X average_position(C5_264,C6_265,N1_267,C2_268,N3_270,C4_271) Y C4_271
  C6_265    C   C382b X average_position(C5_264,C6_265,N1_267,C2_268,N3_270,C4_271) Y N1_267
  O6_266    O   O1062 X C6_265 Y N1_267
  N1_267    N    N320 X average_position(C5_264,C6_265,N1_267,C2_268,N3_270,C4_271) Y C2_268
  C2_268    C    C370 X average_position(C5_264,C6_265,N1_267,C2_268,N3_270,C4_271) Y N3_270
  N2_269    N    N310 Z C2_268 X H22_282
  N3_270    N    N210 X average_position(C5_264,C6_265,N1_267,C2_268,N3_270,C4_271) Y C2_268
  C4_271    C       - 
 H5'_272    H    H102 Z C5'_254 X O5'_253
H5''_273    H    H102 Z C5'_254 X O5'_253
 H4'_274    H   H1033 Z C4'_255 X C3'_257
 H3'_275    H   H1033 Z C3'_257 X C2'_259
 H2'_276    H    H102 Z C2'_259 X C3'_257
H2''_277    H    H102 Z C2'_259 X C3'_257
 H1'_278    H   H1032 Z C1'_260 X C2'_259
  H8_279    H    H104 Z C8_262 X N7_263
  H1_280    H    H109 Z N1_267 X C2_268
 H21_281    H    H107 Z N2_269 X C2_268
 H22_282    H    H107 Z N2_269 X C2_268
   P_283    P    P407 Z average_direction(OP2_285,OP1_284) X O3'_258
 OP1_284    O    O120 X P_283 Y OP2_285
 OP2_285    O    O120 X P_283 Y OP1_284
 O5'_286    O    O209 X C5'_287 Y P_283
 C5'_287    C    C429 X O5'_286 Y C4'_288
 C4'_288    C    C430 X O4'_289 Y H4'_304
 O4'_289    O   O207a Z average_direction(C4'_288,C1'_293) X C4'_288
 C3'_290    C    C430 X O3'_291 Y H3'_305
 O3'_291    O   O205a X C3'_290 Y HO3'_306
 C2'_292    C   C404a Z average_direction(C1'_293,C3'_290) X H2''_308
 C1'_293    C   C450a X O4'_289 Y N1_294
  N1_294    N   N322b X average_position(N1_294,C2_295,N3_297,C4_298,C5_300,C6_301) Y C6_301
  C2_295    C   C378a X average_position(N1_294,C2_295,N3_297,C4_298,C5_300,C6_301) Y N3_297
  O2_296    O   O109a X C2_295 Y N1_294
  N3_297    N    N210 X average_position(N1_294,C2_295,N3_297,C4_298,C5_300,C6_301) Y C4_298
  C4_298    C    C373 X average_position(N1_294,C2_295,N3_297,C4_298,C5_300,C6_301) Y N3_297
  N4_299    N    N310 Z C4_298 X H42_311
  C5_300    C    C330 X average_position(N1_294,C2_295,N3_297,C4_298,C5_300,C6_301) Y C6_301
  C6_301    C   C352c X average_position(N1_294,C2_295,N3_297,C4_298,C5_300,C6_301) Y N1_294
 H5'_302    H    H102 Z C5'_287 X O5'_286
H5''_303    H    H102 Z C5'_287 X O5'_286
 H4'_304    H   H1033 Z C4'_288 X C5'_287
 H3'_305    H   H1033 Z C3'_290 X C2'_292
HO3'_306    H    H112 Z O3'_291 X C3'_290
 H2'_307    H    H102 Z C2'_292 X C3'_290
H2''_308    H    H102 Z C2'_292 X C3'_290
 H1'_309    H   H1032 Z C1'_293 X C2'_292
 H41_310    H    H107 Z N4_299 X C4_298
 H42_311    H    H107 Z N4_299 X C4_298
  H5_312    H    H104 Z C5_300 X C6_301
  H6_313    H    H104 Z C6_301 X N1_294
