################################################################################


     ubdbAssign, version v0.006
 compiled at Jul 11 2023, 10:48:25.


################################################################################

structure file: C:\Users\grand\Desktop\UW\discamb-gemmi\TesteExe\UbdbAssignReq\src_withH\189D.mmcif
uses default bank file name: ubdb.bnk
uses type assignemnt settings from the databank
   parameters values:
      ring considered not planar if it contains atoms with more than 3 neighbours
      ring considered not planar if it contains atoms with planarity above 0.100000
      ring considered not planar if the planarity is above 0.100000
      atom considered planar if the planarity is below 0.100000
      atoms are bonded if the interatomic distance is below sum of their covalent bonds plus 0.230000

################################################################################

       (1) Structural Descriptors and (2) Atom Type Assignemnt Information

################################################################################

(1) Structural Descriptors

################################################################################


 number of planar rings: 12

  ring 1
    planarity esd 0.00235902
    atoms:  N9_9 C8_10 N7_11 C5_12 C4_19

  ring 2
    planarity esd 0.00488071
    atoms:  C5_12 C6_13 N1_15 C2_16 N3_18 C4_19

  ring 3
    planarity esd 0.00117882
    atoms:  N9_42 C8_43 N7_44 C5_45 C4_52

  ring 4
    planarity esd 0.00499185
    atoms:  C5_45 C6_46 N1_48 C2_49 N3_51 C4_52

  ring 5
    planarity esd 0.00631392
    atoms:  N1_75 C2_76 N3_78 C4_79 C5_81 C6_82

  ring 6
    planarity esd 0.00764168
    atoms:  N1_105 C2_106 N3_108 C4_109 C5_111 C6_112

  ring 7
    planarity esd 0.00482375
    atoms:  N9_135 C8_136 N7_137 C5_138 C4_145

  ring 8
    planarity esd 0.00843824
    atoms:  C5_138 C6_139 N1_141 C2_142 N3_144 C4_145

  ring 9
    planarity esd 0.00348557
    atoms:  N9_168 C8_169 N7_170 C5_171 C4_178

  ring 10
    planarity esd 0.00671989
    atoms:  C5_171 C6_172 N1_174 C2_175 N3_177 C4_178

  ring 11
    planarity esd 0.00535507
    atoms:  N1_201 C2_202 N3_204 C4_205 C5_207 C6_208

  ring 12
    planarity esd 0.00264102
    atoms:  N1_231 C2_232 N3_234 C4_235 C5_237 C6_238

 Atomic Descriptors

 number of atoms 250
   O5'_1 atomic number    8 , neighbours formula            C , is planar   ANY_PLANARITY , planarity esd   0.000000 , belongs to planar rings:           no , in 3 member rings no , in 4 member rings no , neighbours C5'_2
   C5'_2 atomic number    6 , neighbours formula         CH2O , is planar      NOT_PLANAR , planarity esd   0.814095 , belongs to planar rings:           no , in 3 member rings no , in 4 member rings no , neighbours O5'_1,C4'_3,H5'_20,H5''_21
   C4'_3 atomic number    6 , neighbours formula         C2HO , is planar      NOT_PLANAR , planarity esd   0.907039 , belongs to planar rings:           no , in 3 member rings no , in 4 member rings no , neighbours C5'_2,O4'_4,C3'_5,H4'_22
   O4'_4 atomic number    8 , neighbours formula           C2 , is planar   ANY_PLANARITY , planarity esd   0.000000 , belongs to planar rings:           no , in 3 member rings no , in 4 member rings no , neighbours C4'_3,C1'_8
   C3'_5 atomic number    6 , neighbours formula         C2HO , is planar      NOT_PLANAR , planarity esd   0.911432 , belongs to planar rings:           no , in 3 member rings no , in 4 member rings no , neighbours C4'_3,O3'_6,C2'_7,H3'_23
   O3'_6 atomic number    8 , neighbours formula           CP , is planar   ANY_PLANARITY , planarity esd   0.000000 , belongs to planar rings:           no , in 3 member rings no , in 4 member rings no , neighbours C3'_5,P_31
   C2'_7 atomic number    6 , neighbours formula         C2H2 , is planar      NOT_PLANAR , planarity esd   0.805698 , belongs to planar rings:           no , in 3 member rings no , in 4 member rings no , neighbours C3'_5,C1'_8,H2'_24,H2''_25
   C1'_8 atomic number    6 , neighbours formula         CHNO , is planar      NOT_PLANAR , planarity esd   0.912883 , belongs to planar rings:           no , in 3 member rings no , in 4 member rings no , neighbours O4'_4,C2'_7,N9_9,H1'_26
    N9_9 atomic number    7 , neighbours formula           C3 , is planar          PLANAR , planarity esd   0.006659 , belongs to planar rings:            1 , in 3 member rings no , in 4 member rings no , neighbours C1'_8,C8_10,C4_19
   C8_10 atomic number    6 , neighbours formula          HN2 , is planar          PLANAR , planarity esd   0.000000 , belongs to planar rings:            1 , in 3 member rings no , in 4 member rings no , neighbours N9_9,N7_11,H8_27
   N7_11 atomic number    7 , neighbours formula           C2 , is planar   ANY_PLANARITY , planarity esd   0.000000 , belongs to planar rings:            1 , in 3 member rings no , in 4 member rings no , neighbours C8_10,C5_12
   C5_12 atomic number    6 , neighbours formula          C2N , is planar          PLANAR , planarity esd   0.001809 , belongs to planar rings:          1,2 , in 3 member rings no , in 4 member rings no , neighbours N7_11,C6_13,C4_19
   C6_13 atomic number    6 , neighbours formula          CNO , is planar          PLANAR , planarity esd   0.005065 , belongs to planar rings:            2 , in 3 member rings no , in 4 member rings no , neighbours C5_12,O6_14,N1_15
   O6_14 atomic number    8 , neighbours formula            C , is planar   ANY_PLANARITY , planarity esd   0.000000 , belongs to planar rings:           no , in 3 member rings no , in 4 member rings no , neighbours C6_13
   N1_15 atomic number    7 , neighbours formula          C2H , is planar          PLANAR , planarity esd   0.000000 , belongs to planar rings:            2 , in 3 member rings no , in 4 member rings no , neighbours C6_13,C2_16,H1_28
   C2_16 atomic number    6 , neighbours formula           N3 , is planar          PLANAR , planarity esd   0.000994 , belongs to planar rings:            2 , in 3 member rings no , in 4 member rings no , neighbours N1_15,N2_17,N3_18
   N2_17 atomic number    7 , neighbours formula          CH2 , is planar          PLANAR , planarity esd   0.000000 , belongs to planar rings:           no , in 3 member rings no , in 4 member rings no , neighbours C2_16,H21_29,H22_30
   N3_18 atomic number    7 , neighbours formula           C2 , is planar   ANY_PLANARITY , planarity esd   0.000000 , belongs to planar rings:            2 , in 3 member rings no , in 4 member rings no , neighbours C2_16,C4_19
   C4_19 atomic number    6 , neighbours formula          CN2 , is planar          PLANAR , planarity esd   0.003521 , belongs to planar rings:          1,2 , in 3 member rings no , in 4 member rings no , neighbours N9_9,C5_12,N3_18
  H5'_20 atomic number    1 , neighbours formula            C , is planar   ANY_PLANARITY , planarity esd   0.000000 , belongs to planar rings:           no , in 3 member rings no , in 4 member rings no , neighbours C5'_2
 H5''_21 atomic number    1 , neighbours formula            C , is planar   ANY_PLANARITY , planarity esd   0.000000 , belongs to planar rings:           no , in 3 member rings no , in 4 member rings no , neighbours C5'_2
  H4'_22 atomic number    1 , neighbours formula            C , is planar   ANY_PLANARITY , planarity esd   0.000000 , belongs to planar rings:           no , in 3 member rings no , in 4 member rings no , neighbours C4'_3
  H3'_23 atomic number    1 , neighbours formula            C , is planar   ANY_PLANARITY , planarity esd   0.000000 , belongs to planar rings:           no , in 3 member rings no , in 4 member rings no , neighbours C3'_5
  H2'_24 atomic number    1 , neighbours formula            C , is planar   ANY_PLANARITY , planarity esd   0.000000 , belongs to planar rings:           no , in 3 member rings no , in 4 member rings no , neighbours C2'_7
 H2''_25 atomic number    1 , neighbours formula            C , is planar   ANY_PLANARITY , planarity esd   0.000000 , belongs to planar rings:           no , in 3 member rings no , in 4 member rings no , neighbours C2'_7
  H1'_26 atomic number    1 , neighbours formula            C , is planar   ANY_PLANARITY , planarity esd   0.000000 , belongs to planar rings:           no , in 3 member rings no , in 4 member rings no , neighbours C1'_8
   H8_27 atomic number    1 , neighbours formula            C , is planar   ANY_PLANARITY , planarity esd   0.000000 , belongs to planar rings:           no , in 3 member rings no , in 4 member rings no , neighbours C8_10
   H1_28 atomic number    1 , neighbours formula            N , is planar   ANY_PLANARITY , planarity esd   0.000000 , belongs to planar rings:           no , in 3 member rings no , in 4 member rings no , neighbours N1_15
  H21_29 atomic number    1 , neighbours formula            N , is planar   ANY_PLANARITY , planarity esd   0.000000 , belongs to planar rings:           no , in 3 member rings no , in 4 member rings no , neighbours N2_17
  H22_30 atomic number    1 , neighbours formula            N , is planar   ANY_PLANARITY , planarity esd   0.000000 , belongs to planar rings:           no , in 3 member rings no , in 4 member rings no , neighbours N2_17
    P_31 atomic number   15 , neighbours formula           O4 , is planar      NOT_PLANAR , planarity esd   1.232714 , belongs to planar rings:           no , in 3 member rings no , in 4 member rings no , neighbours O3'_6,OP1_32,OP2_33,O5'_34
  OP1_32 atomic number    8 , neighbours formula            P , is planar   ANY_PLANARITY , planarity esd   0.000000 , belongs to planar rings:           no , in 3 member rings no , in 4 member rings no , neighbours P_31
  OP2_33 atomic number    8 , neighbours formula            P , is planar   ANY_PLANARITY , planarity esd   0.000000 , belongs to planar rings:           no , in 3 member rings no , in 4 member rings no , neighbours P_31
  O5'_34 atomic number    8 , neighbours formula           CP , is planar   ANY_PLANARITY , planarity esd   0.000000 , belongs to planar rings:           no , in 3 member rings no , in 4 member rings no , neighbours P_31,C5'_35
  C5'_35 atomic number    6 , neighbours formula         CH2O , is planar      NOT_PLANAR , planarity esd   0.826171 , belongs to planar rings:           no , in 3 member rings no , in 4 member rings no , neighbours O5'_34,C4'_36,H5'_53,H5''_54
  C4'_36 atomic number    6 , neighbours formula         C2HO , is planar      NOT_PLANAR , planarity esd   0.908595 , belongs to planar rings:           no , in 3 member rings no , in 4 member rings no , neighbours C5'_35,O4'_37,C3'_38,H4'_55
  O4'_37 atomic number    8 , neighbours formula           C2 , is planar   ANY_PLANARITY , planarity esd   0.000000 , belongs to planar rings:           no , in 3 member rings no , in 4 member rings no , neighbours C4'_36,C1'_41
  C3'_38 atomic number    6 , neighbours formula         C2HO , is planar      NOT_PLANAR , planarity esd   0.915360 , belongs to planar rings:           no , in 3 member rings no , in 4 member rings no , neighbours C4'_36,O3'_39,C2'_40,H3'_56
  O3'_39 atomic number    8 , neighbours formula           CP , is planar   ANY_PLANARITY , planarity esd   0.000000 , belongs to planar rings:           no , in 3 member rings no , in 4 member rings no , neighbours C3'_38,P_64
  C2'_40 atomic number    6 , neighbours formula         C2H2 , is planar      NOT_PLANAR , planarity esd   0.796557 , belongs to planar rings:           no , in 3 member rings no , in 4 member rings no , neighbours C3'_38,C1'_41,H2'_57,H2''_58
  C1'_41 atomic number    6 , neighbours formula         CHNO , is planar      NOT_PLANAR , planarity esd   0.906243 , belongs to planar rings:           no , in 3 member rings no , in 4 member rings no , neighbours O4'_37,C2'_40,N9_42,H1'_59
   N9_42 atomic number    7 , neighbours formula           C3 , is planar          PLANAR , planarity esd   0.006205 , belongs to planar rings:            3 , in 3 member rings no , in 4 member rings no , neighbours C1'_41,C8_43,C4_52
   C8_43 atomic number    6 , neighbours formula          HN2 , is planar          PLANAR , planarity esd   0.000000 , belongs to planar rings:            3 , in 3 member rings no , in 4 member rings no , neighbours N9_42,N7_44,H8_60
   N7_44 atomic number    7 , neighbours formula           C2 , is planar   ANY_PLANARITY , planarity esd   0.000000 , belongs to planar rings:            3 , in 3 member rings no , in 4 member rings no , neighbours C8_43,C5_45
   C5_45 atomic number    6 , neighbours formula          C2N , is planar          PLANAR , planarity esd   0.004149 , belongs to planar rings:          3,4 , in 3 member rings no , in 4 member rings no , neighbours N7_44,C6_46,C4_52
   C6_46 atomic number    6 , neighbours formula          CNO , is planar          PLANAR , planarity esd   0.000425 , belongs to planar rings:            4 , in 3 member rings no , in 4 member rings no , neighbours C5_45,O6_47,N1_48
   O6_47 atomic number    8 , neighbours formula            C , is planar   ANY_PLANARITY , planarity esd   0.000000 , belongs to planar rings:           no , in 3 member rings no , in 4 member rings no , neighbours C6_46
   N1_48 atomic number    7 , neighbours formula          C2H , is planar          PLANAR , planarity esd   0.000000 , belongs to planar rings:            4 , in 3 member rings no , in 4 member rings no , neighbours C6_46,C2_49,H1_61
   C2_49 atomic number    6 , neighbours formula           N3 , is planar          PLANAR , planarity esd   0.005095 , belongs to planar rings:            4 , in 3 member rings no , in 4 member rings no , neighbours N1_48,N2_50,N3_51
   N2_50 atomic number    7 , neighbours formula          CH2 , is planar          PLANAR , planarity esd   0.000000 , belongs to planar rings:           no , in 3 member rings no , in 4 member rings no , neighbours C2_49,H21_62,H22_63
   N3_51 atomic number    7 , neighbours formula           C2 , is planar   ANY_PLANARITY , planarity esd   0.000000 , belongs to planar rings:            4 , in 3 member rings no , in 4 member rings no , neighbours C2_49,C4_52
   C4_52 atomic number    6 , neighbours formula          CN2 , is planar          PLANAR , planarity esd   0.003414 , belongs to planar rings:          3,4 , in 3 member rings no , in 4 member rings no , neighbours N9_42,C5_45,N3_51
  H5'_53 atomic number    1 , neighbours formula            C , is planar   ANY_PLANARITY , planarity esd   0.000000 , belongs to planar rings:           no , in 3 member rings no , in 4 member rings no , neighbours C5'_35
 H5''_54 atomic number    1 , neighbours formula            C , is planar   ANY_PLANARITY , planarity esd   0.000000 , belongs to planar rings:           no , in 3 member rings no , in 4 member rings no , neighbours C5'_35
  H4'_55 atomic number    1 , neighbours formula            C , is planar   ANY_PLANARITY , planarity esd   0.000000 , belongs to planar rings:           no , in 3 member rings no , in 4 member rings no , neighbours C4'_36
  H3'_56 atomic number    1 , neighbours formula            C , is planar   ANY_PLANARITY , planarity esd   0.000000 , belongs to planar rings:           no , in 3 member rings no , in 4 member rings no , neighbours C3'_38
  H2'_57 atomic number    1 , neighbours formula            C , is planar   ANY_PLANARITY , planarity esd   0.000000 , belongs to planar rings:           no , in 3 member rings no , in 4 member rings no , neighbours C2'_40
 H2''_58 atomic number    1 , neighbours formula            C , is planar   ANY_PLANARITY , planarity esd   0.000000 , belongs to planar rings:           no , in 3 member rings no , in 4 member rings no , neighbours C2'_40
  H1'_59 atomic number    1 , neighbours formula            C , is planar   ANY_PLANARITY , planarity esd   0.000000 , belongs to planar rings:           no , in 3 member rings no , in 4 member rings no , neighbours C1'_41
   H8_60 atomic number    1 , neighbours formula            C , is planar   ANY_PLANARITY , planarity esd   0.000000 , belongs to planar rings:           no , in 3 member rings no , in 4 member rings no , neighbours C8_43
   H1_61 atomic number    1 , neighbours formula            N , is planar   ANY_PLANARITY , planarity esd   0.000000 , belongs to planar rings:           no , in 3 member rings no , in 4 member rings no , neighbours N1_48
  H21_62 atomic number    1 , neighbours formula            N , is planar   ANY_PLANARITY , planarity esd   0.000000 , belongs to planar rings:           no , in 3 member rings no , in 4 member rings no , neighbours N2_50
  H22_63 atomic number    1 , neighbours formula            N , is planar   ANY_PLANARITY , planarity esd   0.000000 , belongs to planar rings:           no , in 3 member rings no , in 4 member rings no , neighbours N2_50
    P_64 atomic number   15 , neighbours formula           O4 , is planar      NOT_PLANAR , planarity esd   1.194054 , belongs to planar rings:           no , in 3 member rings no , in 4 member rings no , neighbours O3'_39,OP1_65,OP2_66,O5'_67
  OP1_65 atomic number    8 , neighbours formula            P , is planar   ANY_PLANARITY , planarity esd   0.000000 , belongs to planar rings:           no , in 3 member rings no , in 4 member rings no , neighbours P_64
  OP2_66 atomic number    8 , neighbours formula            P , is planar   ANY_PLANARITY , planarity esd   0.000000 , belongs to planar rings:           no , in 3 member rings no , in 4 member rings no , neighbours P_64
  O5'_67 atomic number    8 , neighbours formula           CP , is planar   ANY_PLANARITY , planarity esd   0.000000 , belongs to planar rings:           no , in 3 member rings no , in 4 member rings no , neighbours P_64,C5'_68
  C5'_68 atomic number    6 , neighbours formula         CH2O , is planar      NOT_PLANAR , planarity esd   0.815261 , belongs to planar rings:           no , in 3 member rings no , in 4 member rings no , neighbours O5'_67,C4'_69,H5'_83,H5''_84
  C4'_69 atomic number    6 , neighbours formula         C2HO , is planar      NOT_PLANAR , planarity esd   0.908615 , belongs to planar rings:           no , in 3 member rings no , in 4 member rings no , neighbours C5'_68,O4'_70,C3'_71,H4'_85
  O4'_70 atomic number    8 , neighbours formula           C2 , is planar   ANY_PLANARITY , planarity esd   0.000000 , belongs to planar rings:           no , in 3 member rings no , in 4 member rings no , neighbours C4'_69,C1'_74
  C3'_71 atomic number    6 , neighbours formula         C2HO , is planar      NOT_PLANAR , planarity esd   0.916605 , belongs to planar rings:           no , in 3 member rings no , in 4 member rings no , neighbours C4'_69,O3'_72,C2'_73,H3'_86
  O3'_72 atomic number    8 , neighbours formula           CP , is planar   ANY_PLANARITY , planarity esd   0.000000 , belongs to planar rings:           no , in 3 member rings no , in 4 member rings no , neighbours C3'_71,P_94
  C2'_73 atomic number    6 , neighbours formula         C2H2 , is planar      NOT_PLANAR , planarity esd   0.793435 , belongs to planar rings:           no , in 3 member rings no , in 4 member rings no , neighbours C3'_71,C1'_74,H2'_87,H2''_88
  C1'_74 atomic number    6 , neighbours formula         CHNO , is planar      NOT_PLANAR , planarity esd   0.903395 , belongs to planar rings:           no , in 3 member rings no , in 4 member rings no , neighbours O4'_70,C2'_73,N1_75,H1'_89
   N1_75 atomic number    7 , neighbours formula           C3 , is planar          PLANAR , planarity esd   0.006794 , belongs to planar rings:            5 , in 3 member rings no , in 4 member rings no , neighbours C1'_74,C2_76,C6_82
   C2_76 atomic number    6 , neighbours formula          N2O , is planar          PLANAR , planarity esd   0.000753 , belongs to planar rings:            5 , in 3 member rings no , in 4 member rings no , neighbours N1_75,O2_77,N3_78
   O2_77 atomic number    8 , neighbours formula            C , is planar   ANY_PLANARITY , planarity esd   0.000000 , belongs to planar rings:           no , in 3 member rings no , in 4 member rings no , neighbours C2_76
   N3_78 atomic number    7 , neighbours formula           C2 , is planar   ANY_PLANARITY , planarity esd   0.000000 , belongs to planar rings:            5 , in 3 member rings no , in 4 member rings no , neighbours C2_76,C4_79
   C4_79 atomic number    6 , neighbours formula          CN2 , is planar          PLANAR , planarity esd   0.001761 , belongs to planar rings:            5 , in 3 member rings no , in 4 member rings no , neighbours N3_78,N4_80,C5_81
   N4_80 atomic number    7 , neighbours formula          CH2 , is planar          PLANAR , planarity esd   0.000000 , belongs to planar rings:           no , in 3 member rings no , in 4 member rings no , neighbours C4_79,H41_90,H42_91
   C5_81 atomic number    6 , neighbours formula          C2H , is planar          PLANAR , planarity esd   0.000000 , belongs to planar rings:            5 , in 3 member rings no , in 4 member rings no , neighbours C4_79,C6_82,H5_92
   C6_82 atomic number    6 , neighbours formula          CHN , is planar          PLANAR , planarity esd   0.000000 , belongs to planar rings:            5 , in 3 member rings no , in 4 member rings no , neighbours N1_75,C5_81,H6_93
  H5'_83 atomic number    1 , neighbours formula            C , is planar   ANY_PLANARITY , planarity esd   0.000000 , belongs to planar rings:           no , in 3 member rings no , in 4 member rings no , neighbours C5'_68
 H5''_84 atomic number    1 , neighbours formula            C , is planar   ANY_PLANARITY , planarity esd   0.000000 , belongs to planar rings:           no , in 3 member rings no , in 4 member rings no , neighbours C5'_68
  H4'_85 atomic number    1 , neighbours formula            C , is planar   ANY_PLANARITY , planarity esd   0.000000 , belongs to planar rings:           no , in 3 member rings no , in 4 member rings no , neighbours C4'_69
  H3'_86 atomic number    1 , neighbours formula            C , is planar   ANY_PLANARITY , planarity esd   0.000000 , belongs to planar rings:           no , in 3 member rings no , in 4 member rings no , neighbours C3'_71
  H2'_87 atomic number    1 , neighbours formula            C , is planar   ANY_PLANARITY , planarity esd   0.000000 , belongs to planar rings:           no , in 3 member rings no , in 4 member rings no , neighbours C2'_73
 H2''_88 atomic number    1 , neighbours formula            C , is planar   ANY_PLANARITY , planarity esd   0.000000 , belongs to planar rings:           no , in 3 member rings no , in 4 member rings no , neighbours C2'_73
  H1'_89 atomic number    1 , neighbours formula            C , is planar   ANY_PLANARITY , planarity esd   0.000000 , belongs to planar rings:           no , in 3 member rings no , in 4 member rings no , neighbours C1'_74
  H41_90 atomic number    1 , neighbours formula            N , is planar   ANY_PLANARITY , planarity esd   0.000000 , belongs to planar rings:           no , in 3 member rings no , in 4 member rings no , neighbours N4_80
  H42_91 atomic number    1 , neighbours formula            N , is planar   ANY_PLANARITY , planarity esd   0.000000 , belongs to planar rings:           no , in 3 member rings no , in 4 member rings no , neighbours N4_80
   H5_92 atomic number    1 , neighbours formula            C , is planar   ANY_PLANARITY , planarity esd   0.000000 , belongs to planar rings:           no , in 3 member rings no , in 4 member rings no , neighbours C5_81
   H6_93 atomic number    1 , neighbours formula            C , is planar   ANY_PLANARITY , planarity esd   0.000000 , belongs to planar rings:           no , in 3 member rings no , in 4 member rings no , neighbours C6_82
    P_94 atomic number   15 , neighbours formula           O4 , is planar      NOT_PLANAR , planarity esd   1.152408 , belongs to planar rings:           no , in 3 member rings no , in 4 member rings no , neighbours O3'_72,OP1_95,OP2_96,O5'_97
  OP1_95 atomic number    8 , neighbours formula            P , is planar   ANY_PLANARITY , planarity esd   0.000000 , belongs to planar rings:           no , in 3 member rings no , in 4 member rings no , neighbours P_94
  OP2_96 atomic number    8 , neighbours formula            P , is planar   ANY_PLANARITY , planarity esd   0.000000 , belongs to planar rings:           no , in 3 member rings no , in 4 member rings no , neighbours P_94
  O5'_97 atomic number    8 , neighbours formula           CP , is planar   ANY_PLANARITY , planarity esd   0.000000 , belongs to planar rings:           no , in 3 member rings no , in 4 member rings no , neighbours P_94,C5'_98
  C5'_98 atomic number    6 , neighbours formula         CH2O , is planar      NOT_PLANAR , planarity esd   0.801298 , belongs to planar rings:           no , in 3 member rings no , in 4 member rings no , neighbours O5'_97,C4'_99,H5'_113,H5''_114
  C4'_99 atomic number    6 , neighbours formula         C2HO , is planar      NOT_PLANAR , planarity esd   0.906454 , belongs to planar rings:           no , in 3 member rings no , in 4 member rings no , neighbours C5'_98,O4'_100,C3'_101,H4'_115
 O4'_100 atomic number    8 , neighbours formula           C2 , is planar   ANY_PLANARITY , planarity esd   0.000000 , belongs to planar rings:           no , in 3 member rings no , in 4 member rings no , neighbours C4'_99,C1'_104
 C3'_101 atomic number    6 , neighbours formula         C2HO , is planar      NOT_PLANAR , planarity esd   0.911496 , belongs to planar rings:           no , in 3 member rings no , in 4 member rings no , neighbours C4'_99,O3'_102,C2'_103,H3'_116
 O3'_102 atomic number    8 , neighbours formula           CP , is planar   ANY_PLANARITY , planarity esd   0.000000 , belongs to planar rings:           no , in 3 member rings no , in 4 member rings no , neighbours C3'_101,P_124
 C2'_103 atomic number    6 , neighbours formula         C2H2 , is planar      NOT_PLANAR , planarity esd   0.802794 , belongs to planar rings:           no , in 3 member rings no , in 4 member rings no , neighbours C3'_101,C1'_104,H2'_117,H2''_118
 C1'_104 atomic number    6 , neighbours formula         CHNO , is planar      NOT_PLANAR , planarity esd   0.901747 , belongs to planar rings:           no , in 3 member rings no , in 4 member rings no , neighbours O4'_100,C2'_103,N1_105,H1'_119
  N1_105 atomic number    7 , neighbours formula           C3 , is planar          PLANAR , planarity esd   0.016118 , belongs to planar rings:            6 , in 3 member rings no , in 4 member rings no , neighbours C1'_104,C2_106,C6_112
  C2_106 atomic number    6 , neighbours formula          N2O , is planar          PLANAR , planarity esd   0.000774 , belongs to planar rings:            6 , in 3 member rings no , in 4 member rings no , neighbours N1_105,O2_107,N3_108
  O2_107 atomic number    8 , neighbours formula            C , is planar   ANY_PLANARITY , planarity esd   0.000000 , belongs to planar rings:           no , in 3 member rings no , in 4 member rings no , neighbours C2_106
  N3_108 atomic number    7 , neighbours formula           C2 , is planar   ANY_PLANARITY , planarity esd   0.000000 , belongs to planar rings:            6 , in 3 member rings no , in 4 member rings no , neighbours C2_106,C4_109
  C4_109 atomic number    6 , neighbours formula          CN2 , is planar          PLANAR , planarity esd   0.001559 , belongs to planar rings:            6 , in 3 member rings no , in 4 member rings no , neighbours N3_108,N4_110,C5_111
  N4_110 atomic number    7 , neighbours formula          CH2 , is planar          PLANAR , planarity esd   0.000000 , belongs to planar rings:           no , in 3 member rings no , in 4 member rings no , neighbours C4_109,H41_120,H42_121
  C5_111 atomic number    6 , neighbours formula          C2H , is planar          PLANAR , planarity esd   0.000000 , belongs to planar rings:            6 , in 3 member rings no , in 4 member rings no , neighbours C4_109,C6_112,H5_122
  C6_112 atomic number    6 , neighbours formula          CHN , is planar          PLANAR , planarity esd   0.000000 , belongs to planar rings:            6 , in 3 member rings no , in 4 member rings no , neighbours N1_105,C5_111,H6_123
 H5'_113 atomic number    1 , neighbours formula            C , is planar   ANY_PLANARITY , planarity esd   0.000000 , belongs to planar rings:           no , in 3 member rings no , in 4 member rings no , neighbours C5'_98
H5''_114 atomic number    1 , neighbours formula            C , is planar   ANY_PLANARITY , planarity esd   0.000000 , belongs to planar rings:           no , in 3 member rings no , in 4 member rings no , neighbours C5'_98
 H4'_115 atomic number    1 , neighbours formula            C , is planar   ANY_PLANARITY , planarity esd   0.000000 , belongs to planar rings:           no , in 3 member rings no , in 4 member rings no , neighbours C4'_99
 H3'_116 atomic number    1 , neighbours formula            C , is planar   ANY_PLANARITY , planarity esd   0.000000 , belongs to planar rings:           no , in 3 member rings no , in 4 member rings no , neighbours C3'_101
 H2'_117 atomic number    1 , neighbours formula            C , is planar   ANY_PLANARITY , planarity esd   0.000000 , belongs to planar rings:           no , in 3 member rings no , in 4 member rings no , neighbours C2'_103
H2''_118 atomic number    1 , neighbours formula            C , is planar   ANY_PLANARITY , planarity esd   0.000000 , belongs to planar rings:           no , in 3 member rings no , in 4 member rings no , neighbours C2'_103
 H1'_119 atomic number    1 , neighbours formula            C , is planar   ANY_PLANARITY , planarity esd   0.000000 , belongs to planar rings:           no , in 3 member rings no , in 4 member rings no , neighbours C1'_104
 H41_120 atomic number    1 , neighbours formula            N , is planar   ANY_PLANARITY , planarity esd   0.000000 , belongs to planar rings:           no , in 3 member rings no , in 4 member rings no , neighbours N4_110
 H42_121 atomic number    1 , neighbours formula            N , is planar   ANY_PLANARITY , planarity esd   0.000000 , belongs to planar rings:           no , in 3 member rings no , in 4 member rings no , neighbours N4_110
  H5_122 atomic number    1 , neighbours formula            C , is planar   ANY_PLANARITY , planarity esd   0.000000 , belongs to planar rings:           no , in 3 member rings no , in 4 member rings no , neighbours C5_111
  H6_123 atomic number    1 , neighbours formula            C , is planar   ANY_PLANARITY , planarity esd   0.000000 , belongs to planar rings:           no , in 3 member rings no , in 4 member rings no , neighbours C6_112
   P_124 atomic number   15 , neighbours formula           O4 , is planar      NOT_PLANAR , planarity esd   1.205402 , belongs to planar rings:           no , in 3 member rings no , in 4 member rings no , neighbours O3'_102,OP1_125,OP2_126,O5'_127
 OP1_125 atomic number    8 , neighbours formula            P , is planar   ANY_PLANARITY , planarity esd   0.000000 , belongs to planar rings:           no , in 3 member rings no , in 4 member rings no , neighbours P_124
 OP2_126 atomic number    8 , neighbours formula            P , is planar   ANY_PLANARITY , planarity esd   0.000000 , belongs to planar rings:           no , in 3 member rings no , in 4 member rings no , neighbours P_124
 O5'_127 atomic number    8 , neighbours formula           CP , is planar   ANY_PLANARITY , planarity esd   0.000000 , belongs to planar rings:           no , in 3 member rings no , in 4 member rings no , neighbours P_124,C5'_128
 C5'_128 atomic number    6 , neighbours formula         CH2O , is planar      NOT_PLANAR , planarity esd   0.824558 , belongs to planar rings:           no , in 3 member rings no , in 4 member rings no , neighbours O5'_127,C4'_129,H5'_146,H5''_147
 C4'_129 atomic number    6 , neighbours formula         C2HO , is planar      NOT_PLANAR , planarity esd   0.906278 , belongs to planar rings:           no , in 3 member rings no , in 4 member rings no , neighbours C5'_128,O4'_130,C3'_131,H4'_148
 O4'_130 atomic number    8 , neighbours formula           C2 , is planar   ANY_PLANARITY , planarity esd   0.000000 , belongs to planar rings:           no , in 3 member rings no , in 4 member rings no , neighbours C4'_129,C1'_134
 C3'_131 atomic number    6 , neighbours formula         C2HO , is planar      NOT_PLANAR , planarity esd   0.909498 , belongs to planar rings:           no , in 3 member rings no , in 4 member rings no , neighbours C4'_129,O3'_132,C2'_133,H3'_149
 O3'_132 atomic number    8 , neighbours formula           CP , is planar   ANY_PLANARITY , planarity esd   0.000000 , belongs to planar rings:           no , in 3 member rings no , in 4 member rings no , neighbours C3'_131,P_157
 C2'_133 atomic number    6 , neighbours formula         C2H2 , is planar      NOT_PLANAR , planarity esd   0.798407 , belongs to planar rings:           no , in 3 member rings no , in 4 member rings no , neighbours C3'_131,C1'_134,H2'_150,H2''_151
 C1'_134 atomic number    6 , neighbours formula         CHNO , is planar      NOT_PLANAR , planarity esd   0.909870 , belongs to planar rings:           no , in 3 member rings no , in 4 member rings no , neighbours O4'_130,C2'_133,N9_135,H1'_152
  N9_135 atomic number    7 , neighbours formula           C3 , is planar          PLANAR , planarity esd   0.001186 , belongs to planar rings:            7 , in 3 member rings no , in 4 member rings no , neighbours C1'_134,C8_136,C4_145
  C8_136 atomic number    6 , neighbours formula          HN2 , is planar          PLANAR , planarity esd   0.000000 , belongs to planar rings:            7 , in 3 member rings no , in 4 member rings no , neighbours N9_135,N7_137,H8_153
  N7_137 atomic number    7 , neighbours formula           C2 , is planar   ANY_PLANARITY , planarity esd   0.000000 , belongs to planar rings:            7 , in 3 member rings no , in 4 member rings no , neighbours C8_136,C5_138
  C5_138 atomic number    6 , neighbours formula          C2N , is planar          PLANAR , planarity esd   0.000171 , belongs to planar rings:          7,8 , in 3 member rings no , in 4 member rings no , neighbours N7_137,C6_139,C4_145
  C6_139 atomic number    6 , neighbours formula          CNO , is planar          PLANAR , planarity esd   0.011657 , belongs to planar rings:            8 , in 3 member rings no , in 4 member rings no , neighbours C5_138,O6_140,N1_141
  O6_140 atomic number    8 , neighbours formula            C , is planar   ANY_PLANARITY , planarity esd   0.000000 , belongs to planar rings:           no , in 3 member rings no , in 4 member rings no , neighbours C6_139
  N1_141 atomic number    7 , neighbours formula          C2H , is planar          PLANAR , planarity esd   0.000000 , belongs to planar rings:            8 , in 3 member rings no , in 4 member rings no , neighbours C6_139,C2_142,H1_154
  C2_142 atomic number    6 , neighbours formula           N3 , is planar          PLANAR , planarity esd   0.005689 , belongs to planar rings:            8 , in 3 member rings no , in 4 member rings no , neighbours N1_141,N2_143,N3_144
  N2_143 atomic number    7 , neighbours formula          CH2 , is planar          PLANAR , planarity esd   0.000000 , belongs to planar rings:           no , in 3 member rings no , in 4 member rings no , neighbours C2_142,H21_155,H22_156
  N3_144 atomic number    7 , neighbours formula           C2 , is planar   ANY_PLANARITY , planarity esd   0.000000 , belongs to planar rings:            8 , in 3 member rings no , in 4 member rings no , neighbours C2_142,C4_145
  C4_145 atomic number    6 , neighbours formula          CN2 , is planar          PLANAR , planarity esd   0.006042 , belongs to planar rings:          7,8 , in 3 member rings no , in 4 member rings no , neighbours N9_135,C5_138,N3_144
 H5'_146 atomic number    1 , neighbours formula            C , is planar   ANY_PLANARITY , planarity esd   0.000000 , belongs to planar rings:           no , in 3 member rings no , in 4 member rings no , neighbours C5'_128
H5''_147 atomic number    1 , neighbours formula            C , is planar   ANY_PLANARITY , planarity esd   0.000000 , belongs to planar rings:           no , in 3 member rings no , in 4 member rings no , neighbours C5'_128
 H4'_148 atomic number    1 , neighbours formula            C , is planar   ANY_PLANARITY , planarity esd   0.000000 , belongs to planar rings:           no , in 3 member rings no , in 4 member rings no , neighbours C4'_129
 H3'_149 atomic number    1 , neighbours formula            C , is planar   ANY_PLANARITY , planarity esd   0.000000 , belongs to planar rings:           no , in 3 member rings no , in 4 member rings no , neighbours C3'_131
 H2'_150 atomic number    1 , neighbours formula            C , is planar   ANY_PLANARITY , planarity esd   0.000000 , belongs to planar rings:           no , in 3 member rings no , in 4 member rings no , neighbours C2'_133
H2''_151 atomic number    1 , neighbours formula            C , is planar   ANY_PLANARITY , planarity esd   0.000000 , belongs to planar rings:           no , in 3 member rings no , in 4 member rings no , neighbours C2'_133
 H1'_152 atomic number    1 , neighbours formula            C , is planar   ANY_PLANARITY , planarity esd   0.000000 , belongs to planar rings:           no , in 3 member rings no , in 4 member rings no , neighbours C1'_134
  H8_153 atomic number    1 , neighbours formula            C , is planar   ANY_PLANARITY , planarity esd   0.000000 , belongs to planar rings:           no , in 3 member rings no , in 4 member rings no , neighbours C8_136
  H1_154 atomic number    1 , neighbours formula            N , is planar   ANY_PLANARITY , planarity esd   0.000000 , belongs to planar rings:           no , in 3 member rings no , in 4 member rings no , neighbours N1_141
 H21_155 atomic number    1 , neighbours formula            N , is planar   ANY_PLANARITY , planarity esd   0.000000 , belongs to planar rings:           no , in 3 member rings no , in 4 member rings no , neighbours N2_143
 H22_156 atomic number    1 , neighbours formula            N , is planar   ANY_PLANARITY , planarity esd   0.000000 , belongs to planar rings:           no , in 3 member rings no , in 4 member rings no , neighbours N2_143
   P_157 atomic number   15 , neighbours formula           O4 , is planar      NOT_PLANAR , planarity esd   1.205369 , belongs to planar rings:           no , in 3 member rings no , in 4 member rings no , neighbours O3'_132,OP1_158,OP2_159,O5'_160
 OP1_158 atomic number    8 , neighbours formula            P , is planar   ANY_PLANARITY , planarity esd   0.000000 , belongs to planar rings:           no , in 3 member rings no , in 4 member rings no , neighbours P_157
 OP2_159 atomic number    8 , neighbours formula            P , is planar   ANY_PLANARITY , planarity esd   0.000000 , belongs to planar rings:           no , in 3 member rings no , in 4 member rings no , neighbours P_157
 O5'_160 atomic number    8 , neighbours formula           CP , is planar   ANY_PLANARITY , planarity esd   0.000000 , belongs to planar rings:           no , in 3 member rings no , in 4 member rings no , neighbours P_157,C5'_161
 C5'_161 atomic number    6 , neighbours formula         CH2O , is planar      NOT_PLANAR , planarity esd   0.823702 , belongs to planar rings:           no , in 3 member rings no , in 4 member rings no , neighbours O5'_160,C4'_162,H5'_179,H5''_180
 C4'_162 atomic number    6 , neighbours formula         C2HO , is planar      NOT_PLANAR , planarity esd   0.907687 , belongs to planar rings:           no , in 3 member rings no , in 4 member rings no , neighbours C5'_161,O4'_163,C3'_164,H4'_181
 O4'_163 atomic number    8 , neighbours formula           C2 , is planar   ANY_PLANARITY , planarity esd   0.000000 , belongs to planar rings:           no , in 3 member rings no , in 4 member rings no , neighbours C4'_162,C1'_167
 C3'_164 atomic number    6 , neighbours formula         C2HO , is planar      NOT_PLANAR , planarity esd   0.911759 , belongs to planar rings:           no , in 3 member rings no , in 4 member rings no , neighbours C4'_162,O3'_165,C2'_166,H3'_182
 O3'_165 atomic number    8 , neighbours formula           CP , is planar   ANY_PLANARITY , planarity esd   0.000000 , belongs to planar rings:           no , in 3 member rings no , in 4 member rings no , neighbours C3'_164,P_190
 C2'_166 atomic number    6 , neighbours formula         C2H2 , is planar      NOT_PLANAR , planarity esd   0.806835 , belongs to planar rings:           no , in 3 member rings no , in 4 member rings no , neighbours C3'_164,C1'_167,H2'_183,H2''_184
 C1'_167 atomic number    6 , neighbours formula         CHNO , is planar      NOT_PLANAR , planarity esd   0.909961 , belongs to planar rings:           no , in 3 member rings no , in 4 member rings no , neighbours O4'_163,C2'_166,N9_168,H1'_185
  N9_168 atomic number    7 , neighbours formula           C3 , is planar          PLANAR , planarity esd   0.000480 , belongs to planar rings:            9 , in 3 member rings no , in 4 member rings no , neighbours C1'_167,C8_169,C4_178
  C8_169 atomic number    6 , neighbours formula          HN2 , is planar          PLANAR , planarity esd   0.000000 , belongs to planar rings:            9 , in 3 member rings no , in 4 member rings no , neighbours N9_168,N7_170,H8_186
  N7_170 atomic number    7 , neighbours formula           C2 , is planar   ANY_PLANARITY , planarity esd   0.000000 , belongs to planar rings:            9 , in 3 member rings no , in 4 member rings no , neighbours C8_169,C5_171
  C5_171 atomic number    6 , neighbours formula          C2N , is planar          PLANAR , planarity esd   0.000722 , belongs to planar rings:         9,10 , in 3 member rings no , in 4 member rings no , neighbours N7_170,C6_172,C4_178
  C6_172 atomic number    6 , neighbours formula          CNO , is planar          PLANAR , planarity esd   0.006946 , belongs to planar rings:           10 , in 3 member rings no , in 4 member rings no , neighbours C5_171,O6_173,N1_174
  O6_173 atomic number    8 , neighbours formula            C , is planar   ANY_PLANARITY , planarity esd   0.000000 , belongs to planar rings:           no , in 3 member rings no , in 4 member rings no , neighbours C6_172
  N1_174 atomic number    7 , neighbours formula          C2H , is planar          PLANAR , planarity esd   0.000000 , belongs to planar rings:           10 , in 3 member rings no , in 4 member rings no , neighbours C6_172,C2_175,H1_187
  C2_175 atomic number    6 , neighbours formula           N3 , is planar          PLANAR , planarity esd   0.002190 , belongs to planar rings:           10 , in 3 member rings no , in 4 member rings no , neighbours N1_174,N2_176,N3_177
  N2_176 atomic number    7 , neighbours formula          CH2 , is planar          PLANAR , planarity esd   0.000000 , belongs to planar rings:           no , in 3 member rings no , in 4 member rings no , neighbours C2_175,H21_188,H22_189
  N3_177 atomic number    7 , neighbours formula           C2 , is planar   ANY_PLANARITY , planarity esd   0.000000 , belongs to planar rings:           10 , in 3 member rings no , in 4 member rings no , neighbours C2_175,C4_178
  C4_178 atomic number    6 , neighbours formula          CN2 , is planar          PLANAR , planarity esd   0.007824 , belongs to planar rings:         9,10 , in 3 member rings no , in 4 member rings no , neighbours N9_168,C5_171,N3_177
 H5'_179 atomic number    1 , neighbours formula            C , is planar   ANY_PLANARITY , planarity esd   0.000000 , belongs to planar rings:           no , in 3 member rings no , in 4 member rings no , neighbours C5'_161
H5''_180 atomic number    1 , neighbours formula            C , is planar   ANY_PLANARITY , planarity esd   0.000000 , belongs to planar rings:           no , in 3 member rings no , in 4 member rings no , neighbours C5'_161
 H4'_181 atomic number    1 , neighbours formula            C , is planar   ANY_PLANARITY , planarity esd   0.000000 , belongs to planar rings:           no , in 3 member rings no , in 4 member rings no , neighbours C4'_162
 H3'_182 atomic number    1 , neighbours formula            C , is planar   ANY_PLANARITY , planarity esd   0.000000 , belongs to planar rings:           no , in 3 member rings no , in 4 member rings no , neighbours C3'_164
 H2'_183 atomic number    1 , neighbours formula            C , is planar   ANY_PLANARITY , planarity esd   0.000000 , belongs to planar rings:           no , in 3 member rings no , in 4 member rings no , neighbours C2'_166
H2''_184 atomic number    1 , neighbours formula            C , is planar   ANY_PLANARITY , planarity esd   0.000000 , belongs to planar rings:           no , in 3 member rings no , in 4 member rings no , neighbours C2'_166
 H1'_185 atomic number    1 , neighbours formula            C , is planar   ANY_PLANARITY , planarity esd   0.000000 , belongs to planar rings:           no , in 3 member rings no , in 4 member rings no , neighbours C1'_167
  H8_186 atomic number    1 , neighbours formula            C , is planar   ANY_PLANARITY , planarity esd   0.000000 , belongs to planar rings:           no , in 3 member rings no , in 4 member rings no , neighbours C8_169
  H1_187 atomic number    1 , neighbours formula            N , is planar   ANY_PLANARITY , planarity esd   0.000000 , belongs to planar rings:           no , in 3 member rings no , in 4 member rings no , neighbours N1_174
 H21_188 atomic number    1 , neighbours formula            N , is planar   ANY_PLANARITY , planarity esd   0.000000 , belongs to planar rings:           no , in 3 member rings no , in 4 member rings no , neighbours N2_176
 H22_189 atomic number    1 , neighbours formula            N , is planar   ANY_PLANARITY , planarity esd   0.000000 , belongs to planar rings:           no , in 3 member rings no , in 4 member rings no , neighbours N2_176
   P_190 atomic number   15 , neighbours formula           O4 , is planar      NOT_PLANAR , planarity esd   1.197169 , belongs to planar rings:           no , in 3 member rings no , in 4 member rings no , neighbours O3'_165,OP1_191,OP2_192,O5'_193
 OP1_191 atomic number    8 , neighbours formula            P , is planar   ANY_PLANARITY , planarity esd   0.000000 , belongs to planar rings:           no , in 3 member rings no , in 4 member rings no , neighbours P_190
 OP2_192 atomic number    8 , neighbours formula            P , is planar   ANY_PLANARITY , planarity esd   0.000000 , belongs to planar rings:           no , in 3 member rings no , in 4 member rings no , neighbours P_190
 O5'_193 atomic number    8 , neighbours formula           CP , is planar   ANY_PLANARITY , planarity esd   0.000000 , belongs to planar rings:           no , in 3 member rings no , in 4 member rings no , neighbours P_190,C5'_194
 C5'_194 atomic number    6 , neighbours formula         CH2O , is planar      NOT_PLANAR , planarity esd   0.815313 , belongs to planar rings:           no , in 3 member rings no , in 4 member rings no , neighbours O5'_193,C4'_195,H5'_209,H5''_210
 C4'_195 atomic number    6 , neighbours formula         C2HO , is planar      NOT_PLANAR , planarity esd   0.907739 , belongs to planar rings:           no , in 3 member rings no , in 4 member rings no , neighbours C5'_194,O4'_196,C3'_197,H4'_211
 O4'_196 atomic number    8 , neighbours formula           C2 , is planar   ANY_PLANARITY , planarity esd   0.000000 , belongs to planar rings:           no , in 3 member rings no , in 4 member rings no , neighbours C4'_195,C1'_200
 C3'_197 atomic number    6 , neighbours formula         C2HO , is planar      NOT_PLANAR , planarity esd   0.912402 , belongs to planar rings:           no , in 3 member rings no , in 4 member rings no , neighbours C4'_195,O3'_198,C2'_199,H3'_212
 O3'_198 atomic number    8 , neighbours formula           CP , is planar   ANY_PLANARITY , planarity esd   0.000000 , belongs to planar rings:           no , in 3 member rings no , in 4 member rings no , neighbours C3'_197,P_220
 C2'_199 atomic number    6 , neighbours formula         C2H2 , is planar      NOT_PLANAR , planarity esd   0.802055 , belongs to planar rings:           no , in 3 member rings no , in 4 member rings no , neighbours C3'_197,C1'_200,H2'_213,H2''_214
 C1'_200 atomic number    6 , neighbours formula         CHNO , is planar      NOT_PLANAR , planarity esd   0.908332 , belongs to planar rings:           no , in 3 member rings no , in 4 member rings no , neighbours O4'_196,C2'_199,N1_201,H1'_215
  N1_201 atomic number    7 , neighbours formula           C3 , is planar          PLANAR , planarity esd   0.014018 , belongs to planar rings:           11 , in 3 member rings no , in 4 member rings no , neighbours C1'_200,C2_202,C6_208
  C2_202 atomic number    6 , neighbours formula          N2O , is planar          PLANAR , planarity esd   0.008361 , belongs to planar rings:           11 , in 3 member rings no , in 4 member rings no , neighbours N1_201,O2_203,N3_204
  O2_203 atomic number    8 , neighbours formula            C , is planar   ANY_PLANARITY , planarity esd   0.000000 , belongs to planar rings:           no , in 3 member rings no , in 4 member rings no , neighbours C2_202
  N3_204 atomic number    7 , neighbours formula           C2 , is planar   ANY_PLANARITY , planarity esd   0.000000 , belongs to planar rings:           11 , in 3 member rings no , in 4 member rings no , neighbours C2_202,C4_205
  C4_205 atomic number    6 , neighbours formula          CN2 , is planar          PLANAR , planarity esd   0.000945 , belongs to planar rings:           11 , in 3 member rings no , in 4 member rings no , neighbours N3_204,N4_206,C5_207
  N4_206 atomic number    7 , neighbours formula          CH2 , is planar          PLANAR , planarity esd   0.000000 , belongs to planar rings:           no , in 3 member rings no , in 4 member rings no , neighbours C4_205,H41_216,H42_217
  C5_207 atomic number    6 , neighbours formula          C2H , is planar          PLANAR , planarity esd   0.000000 , belongs to planar rings:           11 , in 3 member rings no , in 4 member rings no , neighbours C4_205,C6_208,H5_218
  C6_208 atomic number    6 , neighbours formula          CHN , is planar          PLANAR , planarity esd   0.000000 , belongs to planar rings:           11 , in 3 member rings no , in 4 member rings no , neighbours N1_201,C5_207,H6_219
 H5'_209 atomic number    1 , neighbours formula            C , is planar   ANY_PLANARITY , planarity esd   0.000000 , belongs to planar rings:           no , in 3 member rings no , in 4 member rings no , neighbours C5'_194
H5''_210 atomic number    1 , neighbours formula            C , is planar   ANY_PLANARITY , planarity esd   0.000000 , belongs to planar rings:           no , in 3 member rings no , in 4 member rings no , neighbours C5'_194
 H4'_211 atomic number    1 , neighbours formula            C , is planar   ANY_PLANARITY , planarity esd   0.000000 , belongs to planar rings:           no , in 3 member rings no , in 4 member rings no , neighbours C4'_195
 H3'_212 atomic number    1 , neighbours formula            C , is planar   ANY_PLANARITY , planarity esd   0.000000 , belongs to planar rings:           no , in 3 member rings no , in 4 member rings no , neighbours C3'_197
 H2'_213 atomic number    1 , neighbours formula            C , is planar   ANY_PLANARITY , planarity esd   0.000000 , belongs to planar rings:           no , in 3 member rings no , in 4 member rings no , neighbours C2'_199
H2''_214 atomic number    1 , neighbours formula            C , is planar   ANY_PLANARITY , planarity esd   0.000000 , belongs to planar rings:           no , in 3 member rings no , in 4 member rings no , neighbours C2'_199
 H1'_215 atomic number    1 , neighbours formula            C , is planar   ANY_PLANARITY , planarity esd   0.000000 , belongs to planar rings:           no , in 3 member rings no , in 4 member rings no , neighbours C1'_200
 H41_216 atomic number    1 , neighbours formula            N , is planar   ANY_PLANARITY , planarity esd   0.000000 , belongs to planar rings:           no , in 3 member rings no , in 4 member rings no , neighbours N4_206
 H42_217 atomic number    1 , neighbours formula            N , is planar   ANY_PLANARITY , planarity esd   0.000000 , belongs to planar rings:           no , in 3 member rings no , in 4 member rings no , neighbours N4_206
  H5_218 atomic number    1 , neighbours formula            C , is planar   ANY_PLANARITY , planarity esd   0.000000 , belongs to planar rings:           no , in 3 member rings no , in 4 member rings no , neighbours C5_207
  H6_219 atomic number    1 , neighbours formula            C , is planar   ANY_PLANARITY , planarity esd   0.000000 , belongs to planar rings:           no , in 3 member rings no , in 4 member rings no , neighbours C6_208
   P_220 atomic number   15 , neighbours formula           O4 , is planar      NOT_PLANAR , planarity esd   1.134305 , belongs to planar rings:           no , in 3 member rings no , in 4 member rings no , neighbours O3'_198,OP1_221,OP2_222,O5'_223
 OP1_221 atomic number    8 , neighbours formula            P , is planar   ANY_PLANARITY , planarity esd   0.000000 , belongs to planar rings:           no , in 3 member rings no , in 4 member rings no , neighbours P_220
 OP2_222 atomic number    8 , neighbours formula            P , is planar   ANY_PLANARITY , planarity esd   0.000000 , belongs to planar rings:           no , in 3 member rings no , in 4 member rings no , neighbours P_220
 O5'_223 atomic number    8 , neighbours formula           CP , is planar   ANY_PLANARITY , planarity esd   0.000000 , belongs to planar rings:           no , in 3 member rings no , in 4 member rings no , neighbours P_220,C5'_224
 C5'_224 atomic number    6 , neighbours formula         CH2O , is planar      NOT_PLANAR , planarity esd   0.827670 , belongs to planar rings:           no , in 3 member rings no , in 4 member rings no , neighbours O5'_223,C4'_225,H5'_239,H5''_240
 C4'_225 atomic number    6 , neighbours formula         C2HO , is planar      NOT_PLANAR , planarity esd   0.902677 , belongs to planar rings:           no , in 3 member rings no , in 4 member rings no , neighbours C5'_224,O4'_226,C3'_227,H4'_241
 O4'_226 atomic number    8 , neighbours formula           C2 , is planar   ANY_PLANARITY , planarity esd   0.000000 , belongs to planar rings:           no , in 3 member rings no , in 4 member rings no , neighbours C4'_225,C1'_230
 C3'_227 atomic number    6 , neighbours formula         C2HO , is planar      NOT_PLANAR , planarity esd   0.907423 , belongs to planar rings:           no , in 3 member rings no , in 4 member rings no , neighbours C4'_225,O3'_228,C2'_229,H3'_242
 O3'_228 atomic number    8 , neighbours formula           CH , is planar   ANY_PLANARITY , planarity esd   0.000000 , belongs to planar rings:           no , in 3 member rings no , in 4 member rings no , neighbours C3'_227,HO3'_243
 C2'_229 atomic number    6 , neighbours formula         C2H2 , is planar      NOT_PLANAR , planarity esd   0.778627 , belongs to planar rings:           no , in 3 member rings no , in 4 member rings no , neighbours C3'_227,C1'_230,H2'_244,H2''_245
 C1'_230 atomic number    6 , neighbours formula         CHNO , is planar      NOT_PLANAR , planarity esd   0.907897 , belongs to planar rings:           no , in 3 member rings no , in 4 member rings no , neighbours O4'_226,C2'_229,N1_231,H1'_246
  N1_231 atomic number    7 , neighbours formula           C3 , is planar          PLANAR , planarity esd   0.011388 , belongs to planar rings:           12 , in 3 member rings no , in 4 member rings no , neighbours C1'_230,C2_232,C6_238
  C2_232 atomic number    6 , neighbours formula          N2O , is planar          PLANAR , planarity esd   0.002692 , belongs to planar rings:           12 , in 3 member rings no , in 4 member rings no , neighbours N1_231,O2_233,N3_234
  O2_233 atomic number    8 , neighbours formula            C , is planar   ANY_PLANARITY , planarity esd   0.000000 , belongs to planar rings:           no , in 3 member rings no , in 4 member rings no , neighbours C2_232
  N3_234 atomic number    7 , neighbours formula           C2 , is planar   ANY_PLANARITY , planarity esd   0.000000 , belongs to planar rings:           12 , in 3 member rings no , in 4 member rings no , neighbours C2_232,C4_235
  C4_235 atomic number    6 , neighbours formula          CN2 , is planar          PLANAR , planarity esd   0.002715 , belongs to planar rings:           12 , in 3 member rings no , in 4 member rings no , neighbours N3_234,N4_236,C5_237
  N4_236 atomic number    7 , neighbours formula          CH2 , is planar          PLANAR , planarity esd   0.000000 , belongs to planar rings:           no , in 3 member rings no , in 4 member rings no , neighbours C4_235,H41_247,H42_248
  C5_237 atomic number    6 , neighbours formula          C2H , is planar          PLANAR , planarity esd   0.000000 , belongs to planar rings:           12 , in 3 member rings no , in 4 member rings no , neighbours C4_235,C6_238,H5_249
  C6_238 atomic number    6 , neighbours formula          CHN , is planar          PLANAR , planarity esd   0.000000 , belongs to planar rings:           12 , in 3 member rings no , in 4 member rings no , neighbours N1_231,C5_237,H6_250
 H5'_239 atomic number    1 , neighbours formula            C , is planar   ANY_PLANARITY , planarity esd   0.000000 , belongs to planar rings:           no , in 3 member rings no , in 4 member rings no , neighbours C5'_224
H5''_240 atomic number    1 , neighbours formula            C , is planar   ANY_PLANARITY , planarity esd   0.000000 , belongs to planar rings:           no , in 3 member rings no , in 4 member rings no , neighbours C5'_224
 H4'_241 atomic number    1 , neighbours formula            C , is planar   ANY_PLANARITY , planarity esd   0.000000 , belongs to planar rings:           no , in 3 member rings no , in 4 member rings no , neighbours C4'_225
 H3'_242 atomic number    1 , neighbours formula            C , is planar   ANY_PLANARITY , planarity esd   0.000000 , belongs to planar rings:           no , in 3 member rings no , in 4 member rings no , neighbours C3'_227
HO3'_243 atomic number    1 , neighbours formula            O , is planar   ANY_PLANARITY , planarity esd   0.000000 , belongs to planar rings:           no , in 3 member rings no , in 4 member rings no , neighbours O3'_228
 H2'_244 atomic number    1 , neighbours formula            C , is planar   ANY_PLANARITY , planarity esd   0.000000 , belongs to planar rings:           no , in 3 member rings no , in 4 member rings no , neighbours C2'_229
H2''_245 atomic number    1 , neighbours formula            C , is planar   ANY_PLANARITY , planarity esd   0.000000 , belongs to planar rings:           no , in 3 member rings no , in 4 member rings no , neighbours C2'_229
 H1'_246 atomic number    1 , neighbours formula            C , is planar   ANY_PLANARITY , planarity esd   0.000000 , belongs to planar rings:           no , in 3 member rings no , in 4 member rings no , neighbours C1'_230
 H41_247 atomic number    1 , neighbours formula            N , is planar   ANY_PLANARITY , planarity esd   0.000000 , belongs to planar rings:           no , in 3 member rings no , in 4 member rings no , neighbours N4_236
 H42_248 atomic number    1 , neighbours formula            N , is planar   ANY_PLANARITY , planarity esd   0.000000 , belongs to planar rings:           no , in 3 member rings no , in 4 member rings no , neighbours N4_236
  H5_249 atomic number    1 , neighbours formula            C , is planar   ANY_PLANARITY , planarity esd   0.000000 , belongs to planar rings:           no , in 3 member rings no , in 4 member rings no , neighbours C5_237
  H6_250 atomic number    1 , neighbours formula            C , is planar   ANY_PLANARITY , planarity esd   0.000000 , belongs to planar rings:           no , in 3 member rings no , in 4 member rings no , neighbours C6_238


################################################################################

     (2) Atom Type Assignemnt

################################################################################

   O5'_1    O       - 
   C5'_2    C       - 
   C4'_3    C    C430 X O4'_4 Y H4'_22
   O4'_4    O   O207a Z average_direction(C1'_8,C4'_3) X C1'_8
   C3'_5    C    C430 X O3'_6 Y H3'_23
   O3'_6    O    O209 X C3'_5 Y P_31
   C2'_7    C   C404a Z average_direction(C1'_8,C3'_5) X H2'_24
   C1'_8    C   C450a X O4'_4 Y N9_9
    N9_9    N   N323b X average_position(N9_9,C8_10,N7_11,C5_12,C4_19) Y C8_10
   C8_10    C    C361 X average_position(N9_9,C8_10,N7_11,C5_12,C4_19) Y N7_11
   N7_11    N    N211 X average_position(N9_9,C8_10,N7_11,C5_12,C4_19) Y C8_10
   C5_12    C    C503 X C4_19 Y C6_13
   C6_13    C   C382b X average_position(C5_12,C6_13,N1_15,C2_16,N3_18,C4_19) Y N1_15
   O6_14    O   O1062 X C6_13 Y N1_15
   N1_15    N    N320 X average_position(C5_12,C6_13,N1_15,C2_16,N3_18,C4_19) Y C2_16
   C2_16    C    C370 X average_position(C5_12,C6_13,N1_15,C2_16,N3_18,C4_19) Y N3_18
   N2_17    N    N310 Z C2_16 X H21_29
   N3_18    N    N210 X average_position(C5_12,C6_13,N1_15,C2_16,N3_18,C4_19) Y C2_16
   C4_19    C   C505a X C5_12 Y N3_18
  H5'_20    H    H102 Z C5'_2 X O5'_1
 H5''_21    H    H102 Z C5'_2 X O5'_1
  H4'_22    H   H1033 Z C4'_3 X C5'_2
  H3'_23    H   H1033 Z C3'_5 X C4'_3
  H2'_24    H    H102 Z C2'_7 X C1'_8
 H2''_25    H    H102 Z C2'_7 X C1'_8
  H1'_26    H   H1032 Z C1'_8 X C2'_7
   H8_27    H    H104 Z C8_10 X N7_11
   H1_28    H    H109 Z N1_15 X C2_16
  H21_29    H    H107 Z N2_17 X C2_16
  H22_30    H    H107 Z N2_17 X C2_16
    P_31    P    P407 Z average_direction(OP2_33,OP1_32) X O5'_34
  OP1_32    O    O120 X P_31 Y OP2_33
  OP2_33    O    O120 X P_31 Y OP1_32
  O5'_34    O    O209 X C5'_35 Y P_31
  C5'_35    C    C429 X O5'_34 Y C4'_36
  C4'_36    C    C430 X O4'_37 Y H4'_55
  O4'_37    O   O207a Z average_direction(C1'_41,C4'_36) X C1'_41
  C3'_38    C    C430 X O3'_39 Y H3'_56
  O3'_39    O    O209 X C3'_38 Y P_64
  C2'_40    C   C404a Z average_direction(C1'_41,C3'_38) X H2''_58
  C1'_41    C   C450a X O4'_37 Y N9_42
   N9_42    N   N323b X average_position(N9_42,C8_43,N7_44,C5_45,C4_52) Y C8_43
   C8_43    C    C361 X average_position(N9_42,C8_43,N7_44,C5_45,C4_52) Y N7_44
   N7_44    N    N211 X average_position(N9_42,C8_43,N7_44,C5_45,C4_52) Y C8_43
   C5_45    C    C503 X C4_52 Y C6_46
   C6_46    C   C382b X average_position(C5_45,C6_46,N1_48,C2_49,N3_51,C4_52) Y N1_48
   O6_47    O   O1062 X C6_46 Y N1_48
   N1_48    N    N320 X average_position(C5_45,C6_46,N1_48,C2_49,N3_51,C4_52) Y C2_49
   C2_49    C    C370 X average_position(C5_45,C6_46,N1_48,C2_49,N3_51,C4_52) Y N3_51
   N2_50    N    N310 Z C2_49 X H21_62
   N3_51    N    N210 X average_position(C5_45,C6_46,N1_48,C2_49,N3_51,C4_52) Y C2_49
   C4_52    C   C505a X C5_45 Y N3_51
  H5'_53    H    H102 Z C5'_35 X O5'_34
 H5''_54    H    H102 Z C5'_35 X O5'_34
  H4'_55    H   H1033 Z C4'_36 X C3'_38
  H3'_56    H   H1033 Z C3'_38 X C4'_36
  H2'_57    H    H102 Z C2'_40 X C1'_41
 H2''_58    H    H102 Z C2'_40 X C1'_41
  H1'_59    H   H1032 Z C1'_41 X C2'_40
   H8_60    H    H104 Z C8_43 X N7_44
   H1_61    H    H109 Z N1_48 X C2_49
  H21_62    H    H107 Z N2_50 X C2_49
  H22_63    H    H107 Z N2_50 X C2_49
    P_64    P    P407 Z average_direction(OP2_66,OP1_65) X O5'_67
  OP1_65    O    O120 X P_64 Y OP2_66
  OP2_66    O    O120 X P_64 Y OP1_65
  O5'_67    O    O209 X C5'_68 Y P_64
  C5'_68    C    C429 X O5'_67 Y C4'_69
  C4'_69    C    C430 X O4'_70 Y H4'_85
  O4'_70    O   O207a Z average_direction(C4'_69,C1'_74) X C4'_69
  C3'_71    C    C430 X O3'_72 Y H3'_86
  O3'_72    O    O209 X C3'_71 Y P_94
  C2'_73    C   C404a Z average_direction(C1'_74,C3'_71) X H2'_87
  C1'_74    C   C450a X O4'_70 Y N1_75
   N1_75    N   N322b X average_position(N1_75,C2_76,N3_78,C4_79,C5_81,C6_82) Y C6_82
   C2_76    C   C378a X average_position(N1_75,C2_76,N3_78,C4_79,C5_81,C6_82) Y N3_78
   O2_77    O   O109a X C2_76 Y N3_78
   N3_78    N    N210 X average_position(N1_75,C2_76,N3_78,C4_79,C5_81,C6_82) Y C4_79
   C4_79    C    C373 X average_position(N1_75,C2_76,N3_78,C4_79,C5_81,C6_82) Y N3_78
   N4_80    N    N310 Z C4_79 X H42_91
   C5_81    C    C330 X average_position(N1_75,C2_76,N3_78,C4_79,C5_81,C6_82) Y C6_82
   C6_82    C   C352c X average_position(N1_75,C2_76,N3_78,C4_79,C5_81,C6_82) Y N1_75
  H5'_83    H    H102 Z C5'_68 X O5'_67
 H5''_84    H    H102 Z C5'_68 X O5'_67
  H4'_85    H   H1033 Z C4'_69 X C3'_71
  H3'_86    H   H1033 Z C3'_71 X C4'_69
  H2'_87    H    H102 Z C2'_73 X C3'_71
 H2''_88    H    H102 Z C2'_73 X C3'_71
  H1'_89    H   H1032 Z C1'_74 X C2'_73
  H41_90    H    H107 Z N4_80 X C4_79
  H42_91    H    H107 Z N4_80 X C4_79
   H5_92    H    H104 Z C5_81 X C6_82
   H6_93    H    H104 Z C6_82 X N1_75
    P_94    P    P407 Z average_direction(OP2_96,OP1_95) X O5'_97
  OP1_95    O    O120 X P_94 Y OP2_96
  OP2_96    O    O120 X P_94 Y OP1_95
  O5'_97    O    O209 X C5'_98 Y P_94
  C5'_98    C    C429 X O5'_97 Y C4'_99
  C4'_99    C    C430 X O4'_100 Y H4'_115
 O4'_100    O   O207a Z average_direction(C4'_99,C1'_104) X C4'_99
 C3'_101    C    C430 X O3'_102 Y H3'_116
 O3'_102    O    O209 X C3'_101 Y P_124
 C2'_103    C   C404a Z average_direction(C1'_104,C3'_101) X H2'_117
 C1'_104    C   C450a X O4'_100 Y N1_105
  N1_105    N   N322b X average_position(N1_105,C2_106,N3_108,C4_109,C5_111,C6_112) Y C6_112
  C2_106    C   C378a X average_position(N1_105,C2_106,N3_108,C4_109,C5_111,C6_112) Y N3_108
  O2_107    O   O109a X C2_106 Y N3_108
  N3_108    N    N210 X average_position(N1_105,C2_106,N3_108,C4_109,C5_111,C6_112) Y C4_109
  C4_109    C    C373 X average_position(N1_105,C2_106,N3_108,C4_109,C5_111,C6_112) Y N3_108
  N4_110    N    N310 Z C4_109 X H41_120
  C5_111    C    C330 X average_position(N1_105,C2_106,N3_108,C4_109,C5_111,C6_112) Y C6_112
  C6_112    C   C352c X average_position(N1_105,C2_106,N3_108,C4_109,C5_111,C6_112) Y N1_105
 H5'_113    H    H102 Z C5'_98 X O5'_97
H5''_114    H    H102 Z C5'_98 X O5'_97
 H4'_115    H   H1033 Z C4'_99 X C5'_98
 H3'_116    H   H1033 Z C3'_101 X C2'_103
 H2'_117    H    H102 Z C2'_103 X C1'_104
H2''_118    H    H102 Z C2'_103 X C1'_104
 H1'_119    H   H1032 Z C1'_104 X C2'_103
 H41_120    H    H107 Z N4_110 X C4_109
 H42_121    H    H107 Z N4_110 X C4_109
  H5_122    H    H104 Z C5_111 X C6_112
  H6_123    H    H104 Z C6_112 X N1_105
   P_124    P    P407 Z average_direction(OP2_126,OP1_125) X O3'_102
 OP1_125    O    O120 X P_124 Y OP2_126
 OP2_126    O    O120 X P_124 Y OP1_125
 O5'_127    O    O209 X C5'_128 Y P_124
 C5'_128    C    C429 X O5'_127 Y C4'_129
 C4'_129    C    C430 X O4'_130 Y H4'_148
 O4'_130    O   O207a Z average_direction(C1'_134,C4'_129) X C1'_134
 C3'_131    C    C430 X O3'_132 Y H3'_149
 O3'_132    O    O209 X C3'_131 Y P_157
 C2'_133    C   C404a Z average_direction(C1'_134,C3'_131) X H2'_150
 C1'_134    C   C450a X O4'_130 Y N9_135
  N9_135    N   N323b X average_position(N9_135,C8_136,N7_137,C5_138,C4_145) Y C8_136
  C8_136    C    C361 X average_position(N9_135,C8_136,N7_137,C5_138,C4_145) Y N7_137
  N7_137    N    N211 X average_position(N9_135,C8_136,N7_137,C5_138,C4_145) Y C8_136
  C5_138    C    C503 X C4_145 Y C6_139
  C6_139    C   C382b X average_position(C5_138,C6_139,N1_141,C2_142,N3_144,C4_145) Y N1_141
  O6_140    O   O1062 X C6_139 Y N1_141
  N1_141    N    N320 X average_position(C5_138,C6_139,N1_141,C2_142,N3_144,C4_145) Y C2_142
  C2_142    C    C370 X average_position(C5_138,C6_139,N1_141,C2_142,N3_144,C4_145) Y N3_144
  N2_143    N    N310 Z C2_142 X H22_156
  N3_144    N    N210 X average_position(C5_138,C6_139,N1_141,C2_142,N3_144,C4_145) Y C2_142
  C4_145    C   C505a X C5_138 Y N3_144
 H5'_146    H    H102 Z C5'_128 X O5'_127
H5''_147    H    H102 Z C5'_128 X O5'_127
 H4'_148    H   H1033 Z C4'_129 X C5'_128
 H3'_149    H   H1033 Z C3'_131 X C4'_129
 H2'_150    H    H102 Z C2'_133 X C1'_134
H2''_151    H    H102 Z C2'_133 X C1'_134
 H1'_152    H   H1032 Z C1'_134 X C2'_133
  H8_153    H    H104 Z C8_136 X N7_137
  H1_154    H    H109 Z N1_141 X C2_142
 H21_155    H    H107 Z N2_143 X C2_142
 H22_156    H    H107 Z N2_143 X C2_142
   P_157    P    P407 Z average_direction(OP2_159,OP1_158) X O5'_160
 OP1_158    O    O120 X P_157 Y OP2_159
 OP2_159    O    O120 X P_157 Y OP1_158
 O5'_160    O    O209 X C5'_161 Y P_157
 C5'_161    C    C429 X O5'_160 Y C4'_162
 C4'_162    C    C430 X O4'_163 Y H4'_181
 O4'_163    O   O207a Z average_direction(C4'_162,C1'_167) X C4'_162
 C3'_164    C    C430 X O3'_165 Y H3'_182
 O3'_165    O    O209 X C3'_164 Y P_190
 C2'_166    C   C404a Z average_direction(C1'_167,C3'_164) X H2'_183
 C1'_167    C   C450a X O4'_163 Y N9_168
  N9_168    N   N323b X average_position(N9_168,C8_169,N7_170,C5_171,C4_178) Y C8_169
  C8_169    C    C361 X average_position(N9_168,C8_169,N7_170,C5_171,C4_178) Y N7_170
  N7_170    N    N211 X average_position(N9_168,C8_169,N7_170,C5_171,C4_178) Y C8_169
  C5_171    C    C503 X C4_178 Y C6_172
  C6_172    C   C382b X average_position(C5_171,C6_172,N1_174,C2_175,N3_177,C4_178) Y N1_174
  O6_173    O   O1062 X C6_172 Y N1_174
  N1_174    N    N320 X average_position(C5_171,C6_172,N1_174,C2_175,N3_177,C4_178) Y C2_175
  C2_175    C    C370 X average_position(C5_171,C6_172,N1_174,C2_175,N3_177,C4_178) Y N3_177
  N2_176    N    N310 Z C2_175 X H21_188
  N3_177    N    N210 X average_position(C5_171,C6_172,N1_174,C2_175,N3_177,C4_178) Y C2_175
  C4_178    C   C505a X C5_171 Y N3_177
 H5'_179    H    H102 Z C5'_161 X O5'_160
H5''_180    H    H102 Z C5'_161 X O5'_160
 H4'_181    H   H1033 Z C4'_162 X C5'_161
 H3'_182    H   H1033 Z C3'_164 X C4'_162
 H2'_183    H    H102 Z C2'_166 X C1'_167
H2''_184    H    H102 Z C2'_166 X C1'_167
 H1'_185    H   H1032 Z C1'_167 X C2'_166
  H8_186    H    H104 Z C8_169 X N7_170
  H1_187    H    H109 Z N1_174 X C2_175
 H21_188    H    H107 Z N2_176 X C2_175
 H22_189    H    H107 Z N2_176 X C2_175
   P_190    P    P407 Z average_direction(OP2_192,OP1_191) X O3'_165
 OP1_191    O    O120 X P_190 Y OP2_192
 OP2_192    O    O120 X P_190 Y OP1_191
 O5'_193    O    O209 X C5'_194 Y P_190
 C5'_194    C    C429 X O5'_193 Y C4'_195
 C4'_195    C    C430 X O4'_196 Y H4'_211
 O4'_196    O   O207a Z average_direction(C4'_195,C1'_200) X C4'_195
 C3'_197    C    C430 X O3'_198 Y H3'_212
 O3'_198    O    O209 X C3'_197 Y P_220
 C2'_199    C   C404a Z average_direction(C1'_200,C3'_197) X H2'_213
 C1'_200    C   C450a X O4'_196 Y N1_201
  N1_201    N   N322b X average_position(N1_201,C2_202,N3_204,C4_205,C5_207,C6_208) Y C6_208
  C2_202    C   C378a X average_position(N1_201,C2_202,N3_204,C4_205,C5_207,C6_208) Y N3_204
  O2_203    O   O109a X C2_202 Y N1_201
  N3_204    N    N210 X average_position(N1_201,C2_202,N3_204,C4_205,C5_207,C6_208) Y C4_205
  C4_205    C    C373 X average_position(N1_201,C2_202,N3_204,C4_205,C5_207,C6_208) Y N3_204
  N4_206    N    N310 Z C4_205 X H42_217
  C5_207    C    C330 X average_position(N1_201,C2_202,N3_204,C4_205,C5_207,C6_208) Y C6_208
  C6_208    C   C352c X average_position(N1_201,C2_202,N3_204,C4_205,C5_207,C6_208) Y N1_201
 H5'_209    H    H102 Z C5'_194 X O5'_193
H5''_210    H    H102 Z C5'_194 X O5'_193
 H4'_211    H   H1033 Z C4'_195 X C5'_194
 H3'_212    H   H1033 Z C3'_197 X C4'_195
 H2'_213    H    H102 Z C2'_199 X C1'_200
H2''_214    H    H102 Z C2'_199 X C1'_200
 H1'_215    H   H1032 Z C1'_200 X C2'_199
 H41_216    H    H107 Z N4_206 X C4_205
 H42_217    H    H107 Z N4_206 X C4_205
  H5_218    H    H104 Z C5_207 X C6_208
  H6_219    H    H104 Z C6_208 X N1_201
   P_220    P    P407 Z average_direction(OP2_222,OP1_221) X O5'_223
 OP1_221    O    O120 X P_220 Y OP2_222
 OP2_222    O    O120 X P_220 Y OP1_221
 O5'_223    O    O209 X C5'_224 Y P_220
 C5'_224    C    C429 X O5'_223 Y C4'_225
 C4'_225    C    C430 X O4'_226 Y H4'_241
 O4'_226    O   O207a Z average_direction(C1'_230,C4'_225) X C1'_230
 C3'_227    C    C430 X O3'_228 Y H3'_242
 O3'_228    O   O205a X C3'_227 Y HO3'_243
 C2'_229    C   C404a Z average_direction(C1'_230,C3'_227) X H2''_245
 C1'_230    C   C450a X O4'_226 Y N1_231
  N1_231    N   N322b X average_position(N1_231,C2_232,N3_234,C4_235,C5_237,C6_238) Y C6_238
  C2_232    C   C378a X average_position(N1_231,C2_232,N3_234,C4_235,C5_237,C6_238) Y N3_234
  O2_233    O   O109a X C2_232 Y N1_231
  N3_234    N    N210 X average_position(N1_231,C2_232,N3_234,C4_235,C5_237,C6_238) Y C4_235
  C4_235    C    C373 X average_position(N1_231,C2_232,N3_234,C4_235,C5_237,C6_238) Y N3_234
  N4_236    N    N310 Z C4_235 X H42_248
  C5_237    C    C330 X average_position(N1_231,C2_232,N3_234,C4_235,C5_237,C6_238) Y C6_238
  C6_238    C   C352c X average_position(N1_231,C2_232,N3_234,C4_235,C5_237,C6_238) Y N1_231
 H5'_239    H    H102 Z C5'_224 X O5'_223
H5''_240    H    H102 Z C5'_224 X O5'_223
 H4'_241    H   H1033 Z C4'_225 X C3'_227
 H3'_242    H   H1033 Z C3'_227 X C2'_229
HO3'_243    H    H112 Z O3'_228 X C3'_227
 H2'_244    H    H102 Z C2'_229 X C3'_227
H2''_245    H    H102 Z C2'_229 X C3'_227
 H1'_246    H   H1032 Z C1'_230 X C2'_229
 H41_247    H    H107 Z N4_236 X C4_235
 H42_248    H    H107 Z N4_236 X C4_235
  H5_249    H    H104 Z C5_237 X C6_238
  H6_250    H    H104 Z C6_238 X N1_231
